[ 2017-04-13T17:23:36+08:00 ] 127.0.0.1 /lxbus/Application/Admin/View//Public//static/fonts/ionicons.ttf?v=2.0.1
INFO: [ app_init ] --START--
INFO: Run Behavior\BuildLiteBehavior [ RunTime:0.000021s ]
INFO: [ app_init ] --END-- [ RunTime:0.000493s ]
ERR: 无法加载模块:Application

[ 2017-04-13T17:23:36+08:00 ] 127.0.0.1 /lxbus/Application/Admin/View//Public//static/fonts/ionicons.woff?v=2.0.1
INFO: [ app_init ] --START--
INFO: Run Behavior\BuildLiteBehavior [ RunTime:0.000051s ]
INFO: [ app_init ] --END-- [ RunTime:0.000802s ]
ERR: 无法加载模块:Application

[ 2017-04-13T18:04:37+08:00 ] 127.0.0.1 /lxbus/Application/Admin/View//Public//static/fonts/ionicons.ttf?v=2.0.1
INFO: [ app_init ] --START--
INFO: Run Behavior\BuildLiteBehavior [ RunTime:0.000024s ]
INFO: [ app_init ] --END-- [ RunTime:0.000421s ]
ERR: 无法加载模块:Application

[ 2017-04-13T18:04:37+08:00 ] 127.0.0.1 /lxbus/Application/Admin/View//Public//static/fonts/ionicons.woff?v=2.0.1
INFO: [ app_init ] --START--
INFO: Run Behavior\BuildLiteBehavior [ RunTime:0.000042s ]
INFO: [ app_init ] --END-- [ RunTime:0.000596s ]
ERR: 无法加载模块:Application

[ 2017-04-13T18:06:46+08:00 ] 127.0.0.1 /lxbus/Application/Admin/View//Public//static/fonts/ionicons.ttf?v=2.0.1
INFO: [ app_init ] --START--
INFO: Run Behavior\BuildLiteBehavior [ RunTime:0.000030s ]
INFO: [ app_init ] --END-- [ RunTime:0.000346s ]
ERR: 无法加载模块:Application

[ 2017-04-13T18:06:46+08:00 ] 127.0.0.1 /lxbus/Application/Admin/View//Public//static/fonts/ionicons.woff?v=2.0.1
INFO: [ app_init ] --START--
INFO: Run Behavior\BuildLiteBehavior [ RunTime:0.000023s ]
INFO: [ app_init ] --END-- [ RunTime:0.000337s ]
ERR: 无法加载模块:Application

[ 2017-04-13T18:08:02+08:00 ] 127.0.0.1 /lxbus/Application/Admin/View//Public//static/fonts/ionicons.ttf?v=2.0.1
INFO: [ app_init ] --START--
INFO: Run Behavior\BuildLiteBehavior [ RunTime:0.000022s ]
INFO: [ app_init ] --END-- [ RunTime:0.000435s ]
ERR: 无法加载模块:Application

[ 2017-04-13T18:08:02+08:00 ] 127.0.0.1 /lxbus/Application/Admin/View//Public//static/fonts/ionicons.woff?v=2.0.1
INFO: [ app_init ] --START--
INFO: Run Behavior\BuildLiteBehavior [ RunTime:0.000049s ]
INFO: [ app_init ] --END-- [ RunTime:0.000807s ]
ERR: 无法加载模块:Application

[ 2017-04-13T19:12:24+08:00 ] 127.0.0.1 /lxbus/Uploads/buspics/1491730168.jpg
INFO: [ app_init ] --START--
INFO: Run Behavior\BuildLiteBehavior [ RunTime:0.000024s ]
INFO: [ app_init ] --END-- [ RunTime:0.000411s ]
ERR: 无法加载模块:Uploads

[ 2017-04-13T19:12:24+08:00 ] 127.0.0.1 /lxbus/Uploads/buspics/1491804625.jpg
INFO: [ app_init ] --START--
INFO: Run Behavior\BuildLiteBehavior [ RunTime:0.000037s ]
INFO: [ app_init ] --END-- [ RunTime:0.000596s ]
ERR: 无法加载模块:Uploads

[ 2017-04-13T19:12:24+08:00 ] 127.0.0.1 /lxbus/Uploads/buspics/1491730202.jpg
INFO: [ app_init ] --START--
INFO: Run Behavior\BuildLiteBehavior [ RunTime:0.000051s ]
INFO: [ app_init ] --END-- [ RunTime:0.000627s ]
ERR: 无法加载模块:Uploads

[ 2017-04-13T19:12:24+08:00 ] 127.0.0.1 /lxbus/Uploads/buspics/1491730187.jpg
INFO: [ app_init ] --START--
INFO: Run Behavior\BuildLiteBehavior [ RunTime:0.000040s ]
INFO: [ app_init ] --END-- [ RunTime:0.000891s ]
ERR: 无法加载模块:Uploads

[ 2017-04-13T19:12:24+08:00 ] 127.0.0.1 /lxbus/Uploads/buspics/1490930169.jpg
INFO: [ app_init ] --START--
INFO: Run Behavior\BuildLiteBehavior [ RunTime:0.000047s ]
INFO: [ app_init ] --END-- [ RunTime:0.001091s ]
ERR: 无法加载模块:Uploads

[ 2017-04-13T19:12:24+08:00 ] 127.0.0.1 /lxbus/Uploads/buspics/1491536303.jpg
INFO: [ app_init ] --START--
INFO: Run Behavior\BuildLiteBehavior [ RunTime:0.000031s ]
INFO: [ app_init ] --END-- [ RunTime:0.000734s ]
ERR: 无法加载模块:Uploads

[ 2017-04-13T19:12:24+08:00 ] 127.0.0.1 /lxbus/Uploads/buspics/1488946121.jpg
INFO: [ app_init ] --START--
INFO: Run Behavior\BuildLiteBehavior [ RunTime:0.000076s ]
INFO: [ app_init ] --END-- [ RunTime:0.000668s ]
ERR: 无法加载模块:Uploads

[ 2017-04-13T19:12:24+08:00 ] 127.0.0.1 /lxbus/Uploads/buspics/1487493272.jpg
INFO: [ app_init ] --START--
INFO: Run Behavior\BuildLiteBehavior [ RunTime:0.000044s ]
INFO: [ app_init ] --END-- [ RunTime:0.000541s ]
ERR: 无法加载模块:Uploads

[ 2017-04-13T19:12:24+08:00 ] 127.0.0.1 /lxbus/Uploads/buspics/1490840425.jpg
INFO: [ app_init ] --START--
INFO: Run Behavior\BuildLiteBehavior [ RunTime:0.000047s ]
INFO: [ app_init ] --END-- [ RunTime:0.000816s ]
ERR: 无法加载模块:Uploads

[ 2017-04-13T19:12:24+08:00 ] 127.0.0.1 /lxbus/Uploads/buspics/1487558765.jpg
INFO: [ app_init ] --START--
INFO: Run Behavior\BuildLiteBehavior [ RunTime:0.000052s ]
INFO: [ app_init ] --END-- [ RunTime:0.000927s ]
ERR: 无法加载模块:Uploads

[ 2017-04-13T19:12:24+08:00 ] 127.0.0.1 /lxbus/Uploads/buspics/1487494838.jpg
INFO: [ app_init ] --START--
INFO: Run Behavior\BuildLiteBehavior [ RunTime:0.000044s ]
INFO: [ app_init ] --END-- [ RunTime:0.000622s ]
ERR: 无法加载模块:Uploads

[ 2017-04-13T19:12:24+08:00 ] 127.0.0.1 /lxbus/Uploads/buspics/1487492811.jpg
INFO: [ app_init ] --START--
INFO: Run Behavior\BuildLiteBehavior [ RunTime:0.000037s ]
INFO: [ app_init ] --END-- [ RunTime:0.000520s ]
ERR: 无法加载模块:Uploads

[ 2017-04-13T19:12:24+08:00 ] 127.0.0.1 /lxbus/Uploads/buspics/1487493146.jpg
INFO: [ app_init ] --START--
INFO: Run Behavior\BuildLiteBehavior [ RunTime:0.000040s ]
INFO: [ app_init ] --END-- [ RunTime:0.000585s ]
ERR: 无法加载模块:Uploads

[ 2017-04-13T19:12:24+08:00 ] 127.0.0.1 /lxbus/Uploads/buspics/1487492326.jpg
INFO: [ app_init ] --START--
INFO: Run Behavior\BuildLiteBehavior [ RunTime:0.000099s ]
INFO: [ app_init ] --END-- [ RunTime:0.000709s ]
ERR: 无法加载模块:Uploads

[ 2017-04-13T19:12:24+08:00 ] 127.0.0.1 /lxbus/Uploads/buspics/1487489161.jpg
INFO: [ app_init ] --START--
INFO: Run Behavior\BuildLiteBehavior [ RunTime:0.000050s ]
INFO: [ app_init ] --END-- [ RunTime:0.000663s ]
ERR: 无法加载模块:Uploads

[ 2017-04-13T19:12:24+08:00 ] 127.0.0.1 /lxbus/Uploads/buspics/1487491249.jpg
INFO: [ app_init ] --START--
INFO: Run Behavior\BuildLiteBehavior [ RunTime:0.000047s ]
INFO: [ app_init ] --END-- [ RunTime:0.000645s ]
ERR: 无法加载模块:Uploads

[ 2017-04-13T19:12:24+08:00 ] 127.0.0.1 /lxbus/Uploads/buspics/1487492854.jpg
INFO: [ app_init ] --START--
INFO: Run Behavior\BuildLiteBehavior [ RunTime:0.000051s ]
INFO: [ app_init ] --END-- [ RunTime:0.000864s ]
ERR: 无法加载模块:Uploads

[ 2017-04-13T19:12:24+08:00 ] 127.0.0.1 /lxbus/Uploads/buspics/1487424293.jpg
INFO: [ app_init ] --START--
INFO: Run Behavior\BuildLiteBehavior [ RunTime:0.000045s ]
INFO: [ app_init ] --END-- [ RunTime:0.002202s ]
ERR: 无法加载模块:Uploads

[ 2017-04-13T19:13:16+08:00 ] 127.0.0.1 /lxbus/Uploads/buspics/1491804625.jpg
INFO: [ app_init ] --START--
INFO: Run Behavior\BuildLiteBehavior [ RunTime:0.000025s ]
INFO: [ app_init ] --END-- [ RunTime:0.000374s ]
ERR: 无法加载模块:Uploads

[ 2017-04-13T19:13:16+08:00 ] 127.0.0.1 /lxbus/Uploads/buspics/1491730202.jpg
INFO: [ app_init ] --START--
INFO: Run Behavior\BuildLiteBehavior [ RunTime:0.000036s ]
INFO: [ app_init ] --END-- [ RunTime:0.000546s ]
ERR: 无法加载模块:Uploads

[ 2017-04-13T19:13:16+08:00 ] 127.0.0.1 /lxbus/Uploads/buspics/1490930169.jpg
INFO: [ app_init ] --START--
INFO: Run Behavior\BuildLiteBehavior [ RunTime:0.000050s ]
INFO: [ app_init ] --END-- [ RunTime:0.000663s ]
ERR: 无法加载模块:Uploads

[ 2017-04-13T19:13:16+08:00 ] 127.0.0.1 /lxbus/Uploads/buspics/1491730187.jpg
INFO: [ app_init ] --START--
INFO: Run Behavior\BuildLiteBehavior [ RunTime:0.000119s ]
INFO: [ app_init ] --END-- [ RunTime:0.001999s ]
ERR: 无法加载模块:Uploads

[ 2017-04-13T19:13:16+08:00 ] 127.0.0.1 /lxbus/Uploads/buspics/1491730168.jpg
INFO: [ app_init ] --START--
INFO: Run Behavior\BuildLiteBehavior [ RunTime:0.000185s ]
INFO: [ app_init ] --END-- [ RunTime:0.002599s ]
ERR: 无法加载模块:Uploads

[ 2017-04-13T19:13:16+08:00 ] 127.0.0.1 /lxbus/Uploads/buspics/1490840425.jpg
INFO: [ app_init ] --START--
INFO: Run Behavior\BuildLiteBehavior [ RunTime:0.000026s ]
INFO: [ app_init ] --END-- [ RunTime:0.000395s ]
ERR: 无法加载模块:Uploads

[ 2017-04-13T19:13:17+08:00 ] 127.0.0.1 /lxbus/Uploads/buspics/1488946121.jpg
INFO: [ app_init ] --START--
INFO: Run Behavior\BuildLiteBehavior [ RunTime:0.000057s ]
INFO: [ app_init ] --END-- [ RunTime:0.000792s ]
ERR: 无法加载模块:Uploads

[ 2017-04-13T19:13:17+08:00 ] 127.0.0.1 /lxbus/Uploads/buspics/1487558765.jpg
INFO: [ app_init ] --START--
INFO: Run Behavior\BuildLiteBehavior [ RunTime:0.000042s ]
INFO: [ app_init ] --END-- [ RunTime:0.000573s ]
ERR: 无法加载模块:Uploads

[ 2017-04-13T19:13:17+08:00 ] 127.0.0.1 /lxbus/Uploads/buspics/1487493272.jpg
INFO: [ app_init ] --START--
INFO: Run Behavior\BuildLiteBehavior [ RunTime:0.000054s ]
INFO: [ app_init ] --END-- [ RunTime:0.000531s ]
ERR: 无法加载模块:Uploads

[ 2017-04-13T19:13:17+08:00 ] 127.0.0.1 /lxbus/Uploads/buspics/1487493219.jpg
INFO: [ app_init ] --START--
INFO: Run Behavior\BuildLiteBehavior [ RunTime:0.000032s ]
INFO: [ app_init ] --END-- [ RunTime:0.000447s ]
ERR: 无法加载模块:Uploads

[ 2017-04-13T19:13:17+08:00 ] 127.0.0.1 /lxbus/Uploads/buspics/1487494838.jpg
INFO: [ app_init ] --START--
INFO: Run Behavior\BuildLiteBehavior [ RunTime:0.000042s ]
INFO: [ app_init ] --END-- [ RunTime:0.000550s ]
ERR: 无法加载模块:Uploads

[ 2017-04-13T19:13:17+08:00 ] 127.0.0.1 /lxbus/Uploads/buspics/1487493146.jpg
INFO: [ app_init ] --START--
INFO: Run Behavior\BuildLiteBehavior [ RunTime:0.000072s ]
INFO: [ app_init ] --END-- [ RunTime:0.000648s ]
ERR: 无法加载模块:Uploads

[ 2017-04-13T19:13:17+08:00 ] 127.0.0.1 /lxbus/Uploads/buspics/1487492854.jpg
INFO: [ app_init ] --START--
INFO: Run Behavior\BuildLiteBehavior [ RunTime:0.000024s ]
INFO: [ app_init ] --END-- [ RunTime:0.000459s ]
ERR: 无法加载模块:Uploads

[ 2017-04-13T19:13:17+08:00 ] 127.0.0.1 /lxbus/Uploads/buspics/1487492811.jpg
INFO: [ app_init ] --START--
INFO: Run Behavior\BuildLiteBehavior [ RunTime:0.000049s ]
INFO: [ app_init ] --END-- [ RunTime:0.000623s ]
ERR: 无法加载模块:Uploads

[ 2017-04-13T19:13:17+08:00 ] 127.0.0.1 /lxbus/Uploads/buspics/1487489161.jpg
INFO: [ app_init ] --START--
INFO: Run Behavior\BuildLiteBehavior [ RunTime:0.000040s ]
INFO: [ app_init ] --END-- [ RunTime:0.000446s ]
ERR: 无法加载模块:Uploads

[ 2017-04-13T19:13:17+08:00 ] 127.0.0.1 /lxbus/Uploads/buspics/1487489126.jpg
INFO: [ app_init ] --START--
INFO: Run Behavior\BuildLiteBehavior [ RunTime:0.000022s ]
INFO: [ app_init ] --END-- [ RunTime:0.000363s ]
ERR: 无法加载模块:Uploads

[ 2017-04-13T19:13:17+08:00 ] 127.0.0.1 /lxbus/Uploads/buspics/1487491249.jpg
INFO: [ app_init ] --START--
INFO: Run Behavior\BuildLiteBehavior [ RunTime:0.000040s ]
INFO: [ app_init ] --END-- [ RunTime:0.000527s ]
ERR: 无法加载模块:Uploads

[ 2017-04-13T19:13:17+08:00 ] 127.0.0.1 /lxbus/Uploads/buspics/1487492326.jpg
INFO: [ app_init ] --START--
INFO: Run Behavior\BuildLiteBehavior [ RunTime:0.000036s ]
INFO: [ app_init ] --END-- [ RunTime:0.000860s ]
ERR: 无法加载模块:Uploads

[ 2017-04-13T19:13:17+08:00 ] 127.0.0.1 /lxbus/Uploads/buspics/1487424293.jpg
INFO: [ app_init ] --START--
INFO: Run Behavior\BuildLiteBehavior [ RunTime:0.000022s ]
INFO: [ app_init ] --END-- [ RunTime:0.000321s ]
ERR: 无法加载模块:Uploads

[ 2017-04-13T19:13:19+08:00 ] 127.0.0.1 /lxbus/Uploads/buspics/1491804625.jpg
INFO: [ app_init ] --START--
INFO: Run Behavior\BuildLiteBehavior [ RunTime:0.000041s ]
INFO: [ app_init ] --END-- [ RunTime:0.000598s ]
ERR: 无法加载模块:Uploads

[ 2017-04-13T19:13:19+08:00 ] 127.0.0.1 /lxbus/Uploads/buspics/1491730168.jpg
INFO: [ app_init ] --START--
INFO: Run Behavior\BuildLiteBehavior [ RunTime:0.000039s ]
INFO: [ app_init ] --END-- [ RunTime:0.000555s ]
ERR: 无法加载模块:Uploads

[ 2017-04-13T19:13:19+08:00 ] 127.0.0.1 /lxbus/Uploads/buspics/1491730187.jpg
INFO: [ app_init ] --START--
INFO: Run Behavior\BuildLiteBehavior [ RunTime:0.000043s ]
INFO: [ app_init ] --END-- [ RunTime:0.000573s ]
ERR: 无法加载模块:Uploads

[ 2017-04-13T19:13:19+08:00 ] 127.0.0.1 /lxbus/Uploads/buspics/1491730202.jpg
INFO: [ app_init ] --START--
INFO: Run Behavior\BuildLiteBehavior [ RunTime:0.000055s ]
INFO: [ app_init ] --END-- [ RunTime:0.000656s ]
ERR: 无法加载模块:Uploads

[ 2017-04-13T19:13:19+08:00 ] 127.0.0.1 /lxbus/Uploads/buspics/1490930169.jpg
INFO: [ app_init ] --START--
INFO: Run Behavior\BuildLiteBehavior [ RunTime:0.000069s ]
INFO: [ app_init ] --END-- [ RunTime:0.000612s ]
ERR: 无法加载模块:Uploads

[ 2017-04-13T19:13:19+08:00 ] 127.0.0.1 /lxbus/Uploads/buspics/1491536303.jpg
INFO: [ app_init ] --START--
INFO: Run Behavior\BuildLiteBehavior [ RunTime:0.000037s ]
INFO: [ app_init ] --END-- [ RunTime:0.000503s ]
ERR: 无法加载模块:Uploads

[ 2017-04-13T19:13:19+08:00 ] 127.0.0.1 /lxbus/Uploads/buspics/1490840425.jpg
INFO: [ app_init ] --START--
INFO: Run Behavior\BuildLiteBehavior [ RunTime:0.000037s ]
INFO: [ app_init ] --END-- [ RunTime:0.000592s ]
ERR: 无法加载模块:Uploads

[ 2017-04-13T19:13:19+08:00 ] 127.0.0.1 /lxbus/Uploads/buspics/1487493272.jpg
INFO: [ app_init ] --START--
INFO: Run Behavior\BuildLiteBehavior [ RunTime:0.000044s ]
INFO: [ app_init ] --END-- [ RunTime:0.000529s ]
ERR: 无法加载模块:Uploads

[ 2017-04-13T19:13:19+08:00 ] 127.0.0.1 /lxbus/Uploads/buspics/1488946121.jpg
INFO: [ app_init ] --START--
INFO: Run Behavior\BuildLiteBehavior [ RunTime:0.000042s ]
INFO: [ app_init ] --END-- [ RunTime:0.000576s ]
ERR: 无法加载模块:Uploads

[ 2017-04-13T19:13:19+08:00 ] 127.0.0.1 /lxbus/Uploads/buspics/1487558765.jpg
INFO: [ app_init ] --START--
INFO: Run Behavior\BuildLiteBehavior [ RunTime:0.000046s ]
INFO: [ app_init ] --END-- [ RunTime:0.001367s ]
ERR: 无法加载模块:Uploads

[ 2017-04-13T19:13:19+08:00 ] 127.0.0.1 /lxbus/Uploads/buspics/1487493219.jpg
INFO: [ app_init ] --START--
INFO: Run Behavior\BuildLiteBehavior [ RunTime:0.000069s ]
INFO: [ app_init ] --END-- [ RunTime:0.000627s ]
ERR: 无法加载模块:Uploads

[ 2017-04-13T19:13:19+08:00 ] 127.0.0.1 /lxbus/Uploads/buspics/1487493146.jpg
INFO: [ app_init ] --START--
INFO: Run Behavior\BuildLiteBehavior [ RunTime:0.000058s ]
INFO: [ app_init ] --END-- [ RunTime:0.000944s ]
ERR: 无法加载模块:Uploads

[ 2017-04-13T19:13:19+08:00 ] 127.0.0.1 /lxbus/Uploads/buspics/1487492854.jpg
INFO: [ app_init ] --START--
INFO: Run Behavior\BuildLiteBehavior [ RunTime:0.000036s ]
INFO: [ app_init ] --END-- [ RunTime:0.000523s ]
ERR: 无法加载模块:Uploads

[ 2017-04-13T19:13:19+08:00 ] 127.0.0.1 /lxbus/Uploads/buspics/1487492326.jpg
INFO: [ app_init ] --START--
INFO: Run Behavior\BuildLiteBehavior [ RunTime:0.000147s ]
INFO: [ app_init ] --END-- [ RunTime:0.001432s ]
ERR: 无法加载模块:Uploads

[ 2017-04-13T19:13:19+08:00 ] 127.0.0.1 /lxbus/Uploads/buspics/1487489161.jpg
INFO: [ app_init ] --START--
INFO: Run Behavior\BuildLiteBehavior [ RunTime:0.000040s ]
INFO: [ app_init ] --END-- [ RunTime:0.000622s ]
ERR: 无法加载模块:Uploads

[ 2017-04-13T19:13:19+08:00 ] 127.0.0.1 /lxbus/Uploads/buspics/1487489126.jpg
INFO: [ app_init ] --START--
INFO: Run Behavior\BuildLiteBehavior [ RunTime:0.000039s ]
INFO: [ app_init ] --END-- [ RunTime:0.000561s ]
ERR: 无法加载模块:Uploads

[ 2017-04-13T19:13:19+08:00 ] 127.0.0.1 /lxbus/Uploads/buspics/1487492811.jpg
INFO: [ app_init ] --START--
INFO: Run Behavior\BuildLiteBehavior [ RunTime:0.000043s ]
INFO: [ app_init ] --END-- [ RunTime:0.000772s ]
ERR: 无法加载模块:Uploads

[ 2017-04-13T19:13:19+08:00 ] 127.0.0.1 /lxbus/Uploads/buspics/1487424293.jpg
INFO: [ app_init ] --START--
INFO: Run Behavior\BuildLiteBehavior [ RunTime:0.000024s ]
INFO: [ app_init ] --END-- [ RunTime:0.000447s ]
ERR: 无法加载模块:Uploads

[ 2017-04-13T19:18:38+08:00 ] 127.0.0.1 /lxbus/Uploads/buspics/1491804625.jpg
INFO: [ app_init ] --START--
INFO: Run Behavior\BuildLiteBehavior [ RunTime:0.000037s ]
INFO: [ app_init ] --END-- [ RunTime:0.000553s ]
ERR: 无法加载模块:Uploads

[ 2017-04-13T19:18:38+08:00 ] 127.0.0.1 /lxbus/Uploads/buspics/1490930169.jpg
INFO: [ app_init ] --START--
INFO: Run Behavior\BuildLiteBehavior [ RunTime:0.000045s ]
INFO: [ app_init ] --END-- [ RunTime:0.000651s ]
ERR: 无法加载模块:Uploads

[ 2017-04-13T19:18:38+08:00 ] 127.0.0.1 /lxbus/Uploads/buspics/1491730168.jpg
INFO: [ app_init ] --START--
INFO: Run Behavior\BuildLiteBehavior [ RunTime:0.000046s ]
INFO: [ app_init ] --END-- [ RunTime:0.000716s ]
ERR: 无法加载模块:Uploads

[ 2017-04-13T19:18:38+08:00 ] 127.0.0.1 /lxbus/Uploads/buspics/1491536303.jpg
INFO: [ app_init ] --START--
INFO: Run Behavior\BuildLiteBehavior [ RunTime:0.000037s ]
INFO: [ app_init ] --END-- [ RunTime:0.000774s ]
ERR: 无法加载模块:Uploads

[ 2017-04-13T19:18:38+08:00 ] 127.0.0.1 /lxbus/Uploads/buspics/1490840425.jpg
INFO: [ app_init ] --START--
INFO: Run Behavior\BuildLiteBehavior [ RunTime:0.000040s ]
INFO: [ app_init ] --END-- [ RunTime:0.000685s ]
ERR: 无法加载模块:Uploads

[ 2017-04-13T19:18:38+08:00 ] 127.0.0.1 /lxbus/Uploads/buspics/1491730187.jpg
INFO: [ app_init ] --START--
INFO: Run Behavior\BuildLiteBehavior [ RunTime:0.000046s ]
INFO: [ app_init ] --END-- [ RunTime:0.000696s ]
ERR: 无法加载模块:Uploads

[ 2017-04-13T19:18:38+08:00 ] 127.0.0.1 /lxbus/Uploads/buspics/1491730202.jpg
INFO: [ app_init ] --START--
INFO: Run Behavior\BuildLiteBehavior [ RunTime:0.000051s ]
INFO: [ app_init ] --END-- [ RunTime:0.000801s ]
ERR: 无法加载模块:Uploads

[ 2017-04-13T19:18:38+08:00 ] 127.0.0.1 /lxbus/Uploads/buspics/1487494838.jpg
INFO: [ app_init ] --START--
INFO: Run Behavior\BuildLiteBehavior [ RunTime:0.000049s ]
INFO: [ app_init ] --END-- [ RunTime:0.000642s ]
ERR: 无法加载模块:Uploads

[ 2017-04-13T19:18:38+08:00 ] 127.0.0.1 /lxbus/Uploads/buspics/1487558765.jpg
INFO: [ app_init ] --START--
INFO: Run Behavior\BuildLiteBehavior [ RunTime:0.000045s ]
INFO: [ app_init ] --END-- [ RunTime:0.001300s ]
ERR: 无法加载模块:Uploads

[ 2017-04-13T19:18:38+08:00 ] 127.0.0.1 /lxbus/Uploads/buspics/1487493272.jpg
INFO: [ app_init ] --START--
INFO: Run Behavior\BuildLiteBehavior [ RunTime:0.000041s ]
INFO: [ app_init ] --END-- [ RunTime:0.000548s ]
ERR: 无法加载模块:Uploads

[ 2017-04-13T19:18:38+08:00 ] 127.0.0.1 /lxbus/Uploads/buspics/1487493219.jpg
INFO: [ app_init ] --START--
INFO: Run Behavior\BuildLiteBehavior [ RunTime:0.000042s ]
INFO: [ app_init ] --END-- [ RunTime:0.000592s ]
ERR: 无法加载模块:Uploads

[ 2017-04-13T19:18:38+08:00 ] 127.0.0.1 /lxbus/Uploads/buspics/1487493146.jpg
INFO: [ app_init ] --START--
INFO: Run Behavior\BuildLiteBehavior [ RunTime:0.000044s ]
INFO: [ app_init ] --END-- [ RunTime:0.000931s ]
ERR: 无法加载模块:Uploads

[ 2017-04-13T19:18:38+08:00 ] 127.0.0.1 /lxbus/Uploads/buspics/1487492854.jpg
INFO: [ app_init ] --START--
INFO: Run Behavior\BuildLiteBehavior [ RunTime:0.000050s ]
INFO: [ app_init ] --END-- [ RunTime:0.000542s ]
ERR: 无法加载模块:Uploads

[ 2017-04-13T19:18:38+08:00 ] 127.0.0.1 /lxbus/Uploads/buspics/1487492811.jpg
INFO: [ app_init ] --START--
INFO: Run Behavior\BuildLiteBehavior [ RunTime:0.000047s ]
INFO: [ app_init ] --END-- [ RunTime:0.000550s ]
ERR: 无法加载模块:Uploads

[ 2017-04-13T19:18:38+08:00 ] 127.0.0.1 /lxbus/Uploads/buspics/1487491249.jpg
INFO: [ app_init ] --START--
INFO: Run Behavior\BuildLiteBehavior [ RunTime:0.000035s ]
INFO: [ app_init ] --END-- [ RunTime:0.000576s ]
ERR: 无法加载模块:Uploads

[ 2017-04-13T19:18:38+08:00 ] 127.0.0.1 /lxbus/Uploads/buspics/1487492326.jpg
INFO: [ app_init ] --START--
INFO: Run Behavior\BuildLiteBehavior [ RunTime:0.000035s ]
INFO: [ app_init ] --END-- [ RunTime:0.000514s ]
ERR: 无法加载模块:Uploads

[ 2017-04-13T19:18:38+08:00 ] 127.0.0.1 /lxbus/Uploads/buspics/1487489161.jpg
INFO: [ app_init ] --START--
INFO: Run Behavior\BuildLiteBehavior [ RunTime:0.000056s ]
INFO: [ app_init ] --END-- [ RunTime:0.001127s ]
ERR: 无法加载模块:Uploads

[ 2017-04-13T19:18:38+08:00 ] 127.0.0.1 /lxbus/Uploads/buspics/1487489126.jpg
INFO: [ app_init ] --START--
INFO: Run Behavior\BuildLiteBehavior [ RunTime:0.000047s ]
INFO: [ app_init ] --END-- [ RunTime:0.000564s ]
ERR: 无法加载模块:Uploads

[ 2017-04-13T19:18:38+08:00 ] 127.0.0.1 /lxbus/Uploads/buspics/1487424293.jpg
INFO: [ app_init ] --START--
INFO: Run Behavior\BuildLiteBehavior [ RunTime:0.000040s ]
INFO: [ app_init ] --END-- [ RunTime:0.000601s ]
ERR: 无法加载模块:Uploads

[ 2017-04-13T19:19:06+08:00 ] 127.0.0.1 /lxbus/Uploads/buspics/1491804625.jpg
INFO: [ app_init ] --START--
INFO: Run Behavior\BuildLiteBehavior [ RunTime:0.000028s ]
INFO: [ app_init ] --END-- [ RunTime:0.000430s ]
ERR: 无法加载模块:Uploads

[ 2017-04-13T19:19:06+08:00 ] 127.0.0.1 /lxbus/Uploads/buspics/1491730187.jpg
INFO: [ app_init ] --START--
INFO: Run Behavior\BuildLiteBehavior [ RunTime:0.000047s ]
INFO: [ app_init ] --END-- [ RunTime:0.000687s ]
ERR: 无法加载模块:Uploads

[ 2017-04-13T19:19:06+08:00 ] 127.0.0.1 /lxbus/Uploads/buspics/1491730168.jpg
INFO: [ app_init ] --START--
INFO: Run Behavior\BuildLiteBehavior [ RunTime:0.000034s ]
INFO: [ app_init ] --END-- [ RunTime:0.000571s ]
ERR: 无法加载模块:Uploads

[ 2017-04-13T19:19:06+08:00 ] 127.0.0.1 /lxbus/Uploads/buspics/1491730202.jpg
INFO: [ app_init ] --START--
INFO: Run Behavior\BuildLiteBehavior [ RunTime:0.000045s ]
INFO: [ app_init ] --END-- [ RunTime:0.000646s ]
ERR: 无法加载模块:Uploads

[ 2017-04-13T19:19:06+08:00 ] 127.0.0.1 /lxbus/Uploads/buspics/1490840425.jpg
INFO: [ app_init ] --START--
INFO: Run Behavior\BuildLiteBehavior [ RunTime:0.000174s ]
INFO: [ app_init ] --END-- [ RunTime:0.001297s ]
ERR: 无法加载模块:Uploads

[ 2017-04-13T19:19:06+08:00 ] 127.0.0.1 /lxbus/Uploads/buspics/1490930169.jpg
INFO: [ app_init ] --START--
INFO: Run Behavior\BuildLiteBehavior [ RunTime:0.000151s ]
INFO: [ app_init ] --END-- [ RunTime:0.002765s ]
ERR: 无法加载模块:Uploads

[ 2017-04-13T19:19:06+08:00 ] 127.0.0.1 /lxbus/Uploads/buspics/1487494838.jpg
INFO: [ app_init ] --START--
INFO: Run Behavior\BuildLiteBehavior [ RunTime:0.000034s ]
INFO: [ app_init ] --END-- [ RunTime:0.000474s ]
ERR: 无法加载模块:Uploads

[ 2017-04-13T19:19:06+08:00 ] 127.0.0.1 /lxbus/Uploads/buspics/1488946121.jpg
INFO: [ app_init ] --START--
INFO: Run Behavior\BuildLiteBehavior [ RunTime:0.000034s ]
INFO: [ app_init ] --END-- [ RunTime:0.000539s ]
ERR: 无法加载模块:Uploads

[ 2017-04-13T19:19:06+08:00 ] 127.0.0.1 /lxbus/Uploads/buspics/1487558765.jpg
INFO: [ app_init ] --START--
INFO: Run Behavior\BuildLiteBehavior [ RunTime:0.000034s ]
INFO: [ app_init ] --END-- [ RunTime:0.000525s ]
ERR: 无法加载模块:Uploads

[ 2017-04-13T19:19:06+08:00 ] 127.0.0.1 /lxbus/Uploads/buspics/1487493272.jpg
INFO: [ app_init ] --START--
INFO: Run Behavior\BuildLiteBehavior [ RunTime:0.000046s ]
INFO: [ app_init ] --END-- [ RunTime:0.000515s ]
ERR: 无法加载模块:Uploads

[ 2017-04-13T19:19:06+08:00 ] 127.0.0.1 /lxbus/Uploads/buspics/1487493146.jpg
INFO: [ app_init ] --START--
INFO: Run Behavior\BuildLiteBehavior [ RunTime:0.000068s ]
INFO: [ app_init ] --END-- [ RunTime:0.001029s ]
ERR: 无法加载模块:Uploads

[ 2017-04-13T19:19:06+08:00 ] 127.0.0.1 /lxbus/Uploads/buspics/1487493219.jpg
INFO: [ app_init ] --START--
INFO: Run Behavior\BuildLiteBehavior [ RunTime:0.000078s ]
INFO: [ app_init ] --END-- [ RunTime:0.000934s ]
ERR: 无法加载模块:Uploads

[ 2017-04-13T19:19:06+08:00 ] 127.0.0.1 /lxbus/Uploads/buspics/1487492854.jpg
INFO: [ app_init ] --START--
INFO: Run Behavior\BuildLiteBehavior [ RunTime:0.000034s ]
INFO: [ app_init ] --END-- [ RunTime:0.000512s ]
ERR: 无法加载模块:Uploads

[ 2017-04-13T19:19:06+08:00 ] 127.0.0.1 /lxbus/Uploads/buspics/1487492326.jpg
INFO: [ app_init ] --START--
INFO: Run Behavior\BuildLiteBehavior [ RunTime:0.000039s ]
INFO: [ app_init ] --END-- [ RunTime:0.000512s ]
ERR: 无法加载模块:Uploads

[ 2017-04-13T19:19:06+08:00 ] 127.0.0.1 /lxbus/Uploads/buspics/1487492811.jpg
INFO: [ app_init ] --START--
INFO: Run Behavior\BuildLiteBehavior [ RunTime:0.000035s ]
INFO: [ app_init ] --END-- [ RunTime:0.000519s ]
ERR: 无法加载模块:Uploads

[ 2017-04-13T19:19:06+08:00 ] 127.0.0.1 /lxbus/Uploads/buspics/1487491249.jpg
INFO: [ app_init ] --START--
INFO: Run Behavior\BuildLiteBehavior [ RunTime:0.000044s ]
INFO: [ app_init ] --END-- [ RunTime:0.000743s ]
ERR: 无法加载模块:Uploads

[ 2017-04-13T19:19:06+08:00 ] 127.0.0.1 /lxbus/Uploads/buspics/1487424293.jpg
INFO: [ app_init ] --START--
INFO: Run Behavior\BuildLiteBehavior [ RunTime:0.000038s ]
INFO: [ app_init ] --END-- [ RunTime:0.000480s ]
ERR: 无法加载模块:Uploads

[ 2017-04-13T19:22:40+08:00 ] 127.0.0.1 /lxbus/Uploads/buspics/1491730202.jpg
INFO: [ app_init ] --START--
INFO: Run Behavior\BuildLiteBehavior [ RunTime:0.000049s ]
INFO: [ app_init ] --END-- [ RunTime:0.000862s ]
ERR: 无法加载模块:Uploads

[ 2017-04-13T19:22:40+08:00 ] 127.0.0.1 /lxbus/Uploads/buspics/1490930169.jpg
INFO: [ app_init ] --START--
INFO: Run Behavior\BuildLiteBehavior [ RunTime:0.000042s ]
INFO: [ app_init ] --END-- [ RunTime:0.000616s ]
ERR: 无法加载模块:Uploads

[ 2017-04-13T19:22:40+08:00 ] 127.0.0.1 /lxbus/Uploads/buspics/1491730168.jpg
INFO: [ app_init ] --START--
INFO: Run Behavior\BuildLiteBehavior [ RunTime:0.000035s ]
INFO: [ app_init ] --END-- [ RunTime:0.000596s ]
ERR: 无法加载模块:Uploads

[ 2017-04-13T19:22:40+08:00 ] 127.0.0.1 /lxbus/Uploads/buspics/1488946121.jpg
INFO: [ app_init ] --START--
INFO: Run Behavior\BuildLiteBehavior [ RunTime:0.000045s ]
INFO: [ app_init ] --END-- [ RunTime:0.000578s ]
ERR: 无法加载模块:Uploads

[ 2017-04-13T19:22:40+08:00 ] 127.0.0.1 /lxbus/Uploads/buspics/1491730187.jpg
INFO: [ app_init ] --START--
INFO: Run Behavior\BuildLiteBehavior [ RunTime:0.000049s ]
INFO: [ app_init ] --END-- [ RunTime:0.000690s ]
ERR: 无法加载模块:Uploads

[ 2017-04-13T19:22:40+08:00 ] 127.0.0.1 /lxbus/Uploads/buspics/1490840425.jpg
INFO: [ app_init ] --START--
INFO: Run Behavior\BuildLiteBehavior [ RunTime:0.000033s ]
INFO: [ app_init ] --END-- [ RunTime:0.000898s ]
ERR: 无法加载模块:Uploads

[ 2017-04-13T19:22:40+08:00 ] 127.0.0.1 /lxbus/Uploads/buspics/1491536303.jpg
INFO: [ app_init ] --START--
INFO: Run Behavior\BuildLiteBehavior [ RunTime:0.000116s ]
INFO: [ app_init ] --END-- [ RunTime:0.002700s ]
ERR: 无法加载模块:Uploads

[ 2017-04-13T19:22:40+08:00 ] 127.0.0.1 /lxbus/Uploads/buspics/1487558765.jpg
INFO: [ app_init ] --START--
INFO: Run Behavior\BuildLiteBehavior [ RunTime:0.000042s ]
INFO: [ app_init ] --END-- [ RunTime:0.000669s ]
ERR: 无法加载模块:Uploads

[ 2017-04-13T19:22:40+08:00 ] 127.0.0.1 /lxbus/Uploads/buspics/1487494838.jpg
INFO: [ app_init ] --START--
INFO: Run Behavior\BuildLiteBehavior [ RunTime:0.000066s ]
INFO: [ app_init ] --END-- [ RunTime:0.000610s ]
ERR: 无法加载模块:Uploads

[ 2017-04-13T19:22:40+08:00 ] 127.0.0.1 /lxbus/Uploads/buspics/1487493219.jpg
INFO: [ app_init ] --START--
INFO: Run Behavior\BuildLiteBehavior [ RunTime:0.000033s ]
INFO: [ app_init ] --END-- [ RunTime:0.000543s ]
ERR: 无法加载模块:Uploads

[ 2017-04-13T19:22:40+08:00 ] 127.0.0.1 /lxbus/Uploads/buspics/1487493146.jpg
INFO: [ app_init ] --START--
INFO: Run Behavior\BuildLiteBehavior [ RunTime:0.000051s ]
INFO: [ app_init ] --END-- [ RunTime:0.000808s ]
ERR: 无法加载模块:Uploads

[ 2017-04-13T19:22:40+08:00 ] 127.0.0.1 /lxbus/Uploads/buspics/1487492854.jpg
INFO: [ app_init ] --START--
INFO: Run Behavior\BuildLiteBehavior [ RunTime:0.000038s ]
INFO: [ app_init ] --END-- [ RunTime:0.000612s ]
ERR: 无法加载模块:Uploads

[ 2017-04-13T19:22:40+08:00 ] 127.0.0.1 /lxbus/Uploads/buspics/1487492811.jpg
INFO: [ app_init ] --START--
INFO: Run Behavior\BuildLiteBehavior [ RunTime:0.000044s ]
INFO: [ app_init ] --END-- [ RunTime:0.000787s ]
ERR: 无法加载模块:Uploads

[ 2017-04-13T19:22:40+08:00 ] 127.0.0.1 /lxbus/Uploads/buspics/1487491249.jpg
INFO: [ app_init ] --START--
INFO: Run Behavior\BuildLiteBehavior [ RunTime:0.000032s ]
INFO: [ app_init ] --END-- [ RunTime:0.000486s ]
ERR: 无法加载模块:Uploads

[ 2017-04-13T19:22:40+08:00 ] 127.0.0.1 /lxbus/Uploads/buspics/1487492326.jpg
INFO: [ app_init ] --START--
INFO: Run Behavior\BuildLiteBehavior [ RunTime:0.000092s ]
INFO: [ app_init ] --END-- [ RunTime:0.001035s ]
ERR: 无法加载模块:Uploads

[ 2017-04-13T19:22:40+08:00 ] 127.0.0.1 /lxbus/Uploads/buspics/1487489161.jpg
INFO: [ app_init ] --START--
INFO: Run Behavior\BuildLiteBehavior [ RunTime:0.000039s ]
INFO: [ app_init ] --END-- [ RunTime:0.000654s ]
ERR: 无法加载模块:Uploads

[ 2017-04-13T19:22:40+08:00 ] 127.0.0.1 /lxbus/Uploads/buspics/1487489126.jpg
INFO: [ app_init ] --START--
INFO: Run Behavior\BuildLiteBehavior [ RunTime:0.000057s ]
INFO: [ app_init ] --END-- [ RunTime:0.000717s ]
ERR: 无法加载模块:Uploads

[ 2017-04-13T19:22:40+08:00 ] 127.0.0.1 /lxbus/Uploads/buspics/1487424293.jpg
INFO: [ app_init ] --START--
INFO: Run Behavior\BuildLiteBehavior [ RunTime:0.000057s ]
INFO: [ app_init ] --END-- [ RunTime:0.000783s ]
ERR: 无法加载模块:Uploads

[ 2017-04-13T19:22:40+08:00 ] 127.0.0.1 /lxbus/Uploads/buspics/1487493272.jpg
INFO: [ app_init ] --START--
INFO: Run Behavior\BuildLiteBehavior [ RunTime:0.000079s ]
INFO: [ app_init ] --END-- [ RunTime:0.001105s ]
ERR: 无法加载模块:Uploads

[ 2017-04-13T19:23:39+08:00 ] 127.0.0.1 /lxbus/Uploads/buspics/1491730202.jpg
INFO: [ app_init ] --START--
INFO: Run Behavior\BuildLiteBehavior [ RunTime:0.000025s ]
INFO: [ app_init ] --END-- [ RunTime:0.000371s ]
ERR: 无法加载模块:Uploads

[ 2017-04-13T19:23:39+08:00 ] 127.0.0.1 /lxbus/Uploads/buspics/1491536303.jpg
INFO: [ app_init ] --START--
INFO: Run Behavior\BuildLiteBehavior [ RunTime:0.000046s ]
INFO: [ app_init ] --END-- [ RunTime:0.000595s ]
ERR: 无法加载模块:Uploads

[ 2017-04-13T19:23:39+08:00 ] 127.0.0.1 /lxbus/Uploads/buspics/1490930169.jpg
INFO: [ app_init ] --START--
INFO: Run Behavior\BuildLiteBehavior [ RunTime:0.000038s ]
INFO: [ app_init ] --END-- [ RunTime:0.000686s ]
ERR: 无法加载模块:Uploads

[ 2017-04-13T19:23:39+08:00 ] 127.0.0.1 /lxbus/Uploads/buspics/1490840425.jpg
INFO: [ app_init ] --START--
INFO: Run Behavior\BuildLiteBehavior [ RunTime:0.000037s ]
INFO: [ app_init ] --END-- [ RunTime:0.000555s ]
ERR: 无法加载模块:Uploads

[ 2017-04-13T19:23:39+08:00 ] 127.0.0.1 /lxbus/Uploads/buspics/1488946121.jpg
INFO: [ app_init ] --START--
INFO: Run Behavior\BuildLiteBehavior [ RunTime:0.000038s ]
INFO: [ app_init ] --END-- [ RunTime:0.000573s ]
ERR: 无法加载模块:Uploads

[ 2017-04-13T19:23:39+08:00 ] 127.0.0.1 /lxbus/Uploads/buspics/1491730168.jpg
INFO: [ app_init ] --START--
INFO: Run Behavior\BuildLiteBehavior [ RunTime:0.000046s ]
INFO: [ app_init ] --END-- [ RunTime:0.000633s ]
ERR: 无法加载模块:Uploads

[ 2017-04-13T19:23:39+08:00 ] 127.0.0.1 /lxbus/Uploads/buspics/1491730187.jpg
INFO: [ app_init ] --START--
INFO: Run Behavior\BuildLiteBehavior [ RunTime:0.000030s ]
INFO: [ app_init ] --END-- [ RunTime:0.000535s ]
ERR: 无法加载模块:Uploads

[ 2017-04-13T19:23:39+08:00 ] 127.0.0.1 /lxbus/Uploads/buspics/1487493272.jpg
INFO: [ app_init ] --START--
INFO: Run Behavior\BuildLiteBehavior [ RunTime:0.000036s ]
INFO: [ app_init ] --END-- [ RunTime:0.000508s ]
ERR: 无法加载模块:Uploads

[ 2017-04-13T19:23:39+08:00 ] 127.0.0.1 /lxbus/Uploads/buspics/1487494838.jpg
INFO: [ app_init ] --START--
INFO: Run Behavior\BuildLiteBehavior [ RunTime:0.000035s ]
INFO: [ app_init ] --END-- [ RunTime:0.000515s ]
ERR: 无法加载模块:Uploads

[ 2017-04-13T19:23:39+08:00 ] 127.0.0.1 /lxbus/Uploads/buspics/1487558765.jpg
INFO: [ app_init ] --START--
INFO: Run Behavior\BuildLiteBehavior [ RunTime:0.000027s ]
INFO: [ app_init ] --END-- [ RunTime:0.000396s ]
ERR: 无法加载模块:Uploads

[ 2017-04-13T19:23:39+08:00 ] 127.0.0.1 /lxbus/Uploads/buspics/1487493219.jpg
INFO: [ app_init ] --START--
INFO: Run Behavior\BuildLiteBehavior [ RunTime:0.000037s ]
INFO: [ app_init ] --END-- [ RunTime:0.000508s ]
ERR: 无法加载模块:Uploads

[ 2017-04-13T19:23:39+08:00 ] 127.0.0.1 /lxbus/Uploads/buspics/1487493146.jpg
INFO: [ app_init ] --START--
INFO: Run Behavior\BuildLiteBehavior [ RunTime:0.000036s ]
INFO: [ app_init ] --END-- [ RunTime:0.000542s ]
ERR: 无法加载模块:Uploads

[ 2017-04-13T19:23:39+08:00 ] 127.0.0.1 /lxbus/Uploads/buspics/1487492854.jpg
INFO: [ app_init ] --START--
INFO: Run Behavior\BuildLiteBehavior [ RunTime:0.000024s ]
INFO: [ app_init ] --END-- [ RunTime:0.000410s ]
ERR: 无法加载模块:Uploads

[ 2017-04-13T19:23:39+08:00 ] 127.0.0.1 /lxbus/Uploads/buspics/1487491249.jpg
INFO: [ app_init ] --START--
INFO: Run Behavior\BuildLiteBehavior [ RunTime:0.000037s ]
INFO: [ app_init ] --END-- [ RunTime:0.000530s ]
ERR: 无法加载模块:Uploads

[ 2017-04-13T19:23:39+08:00 ] 127.0.0.1 /lxbus/Uploads/buspics/1487492811.jpg
INFO: [ app_init ] --START--
INFO: Run Behavior\BuildLiteBehavior [ RunTime:0.000038s ]
INFO: [ app_init ] --END-- [ RunTime:0.000533s ]
ERR: 无法加载模块:Uploads

[ 2017-04-13T19:23:39+08:00 ] 127.0.0.1 /lxbus/Uploads/buspics/1487492326.jpg
INFO: [ app_init ] --START--
INFO: Run Behavior\BuildLiteBehavior [ RunTime:0.000036s ]
INFO: [ app_init ] --END-- [ RunTime:0.000589s ]
ERR: 无法加载模块:Uploads

[ 2017-04-13T19:23:39+08:00 ] 127.0.0.1 /lxbus/Uploads/buspics/1487489161.jpg
INFO: [ app_init ] --START--
INFO: Run Behavior\BuildLiteBehavior [ RunTime:0.000102s ]
INFO: [ app_init ] --END-- [ RunTime:0.000659s ]
ERR: 无法加载模块:Uploads

[ 2017-04-13T19:23:39+08:00 ] 127.0.0.1 /lxbus/Uploads/buspics/1487489126.jpg
INFO: [ app_init ] --START--
INFO: Run Behavior\BuildLiteBehavior [ RunTime:0.000041s ]
INFO: [ app_init ] --END-- [ RunTime:0.000622s ]
ERR: 无法加载模块:Uploads

[ 2017-04-13T19:23:39+08:00 ] 127.0.0.1 /lxbus/Uploads/buspics/1487424293.jpg
INFO: [ app_init ] --START--
INFO: Run Behavior\BuildLiteBehavior [ RunTime:0.000064s ]
INFO: [ app_init ] --END-- [ RunTime:0.000491s ]
ERR: 无法加载模块:Uploads

[ 2017-04-13T19:24:11+08:00 ] 127.0.0.1 /lxbus/Uploads/buspics/1491730202.jpg
INFO: [ app_init ] --START--
INFO: Run Behavior\BuildLiteBehavior [ RunTime:0.000023s ]
INFO: [ app_init ] --END-- [ RunTime:0.000385s ]
ERR: 无法加载模块:Uploads

[ 2017-04-13T19:24:11+08:00 ] 127.0.0.1 /lxbus/Uploads/buspics/1491730187.jpg
INFO: [ app_init ] --START--
INFO: Run Behavior\BuildLiteBehavior [ RunTime:0.000043s ]
INFO: [ app_init ] --END-- [ RunTime:0.000546s ]
ERR: 无法加载模块:Uploads

[ 2017-04-13T19:24:11+08:00 ] 127.0.0.1 /lxbus/Uploads/buspics/1491730168.jpg
INFO: [ app_init ] --START--
INFO: Run Behavior\BuildLiteBehavior [ RunTime:0.000036s ]
INFO: [ app_init ] --END-- [ RunTime:0.000546s ]
ERR: 无法加载模块:Uploads

[ 2017-04-13T19:24:11+08:00 ] 127.0.0.1 /lxbus/Uploads/buspics/1490930169.jpg
INFO: [ app_init ] --START--
INFO: Run Behavior\BuildLiteBehavior [ RunTime:0.000040s ]
INFO: [ app_init ] --END-- [ RunTime:0.000535s ]
ERR: 无法加载模块:Uploads

[ 2017-04-13T19:24:11+08:00 ] 127.0.0.1 /lxbus/Uploads/buspics/1490840425.jpg
INFO: [ app_init ] --START--
INFO: Run Behavior\BuildLiteBehavior [ RunTime:0.000038s ]
INFO: [ app_init ] --END-- [ RunTime:0.000648s ]
ERR: 无法加载模块:Uploads

[ 2017-04-13T19:24:11+08:00 ] 127.0.0.1 /lxbus/Uploads/buspics/1491536303.jpg
INFO: [ app_init ] --START--
INFO: Run Behavior\BuildLiteBehavior [ RunTime:0.000046s ]
INFO: [ app_init ] --END-- [ RunTime:0.000717s ]
ERR: 无法加载模块:Uploads

[ 2017-04-13T19:24:11+08:00 ] 127.0.0.1 /lxbus/Uploads/buspics/1488946121.jpg
INFO: [ app_init ] --START--
INFO: Run Behavior\BuildLiteBehavior [ RunTime:0.000055s ]
INFO: [ app_init ] --END-- [ RunTime:0.000775s ]
ERR: 无法加载模块:Uploads

[ 2017-04-13T19:24:11+08:00 ] 127.0.0.1 /lxbus/Uploads/buspics/1487558765.jpg
INFO: [ app_init ] --START--
INFO: Run Behavior\BuildLiteBehavior [ RunTime:0.000023s ]
INFO: [ app_init ] --END-- [ RunTime:0.000359s ]
ERR: 无法加载模块:Uploads

[ 2017-04-13T19:24:11+08:00 ] 127.0.0.1 /lxbus/Uploads/buspics/1487494838.jpg
INFO: [ app_init ] --START--
INFO: Run Behavior\BuildLiteBehavior [ RunTime:0.000038s ]
INFO: [ app_init ] --END-- [ RunTime:0.000508s ]
ERR: 无法加载模块:Uploads

[ 2017-04-13T19:24:11+08:00 ] 127.0.0.1 /lxbus/Uploads/buspics/1487493272.jpg
INFO: [ app_init ] --START--
INFO: Run Behavior\BuildLiteBehavior [ RunTime:0.000110s ]
INFO: [ app_init ] --END-- [ RunTime:0.001528s ]
ERR: 无法加载模块:Uploads

[ 2017-04-13T19:24:11+08:00 ] 127.0.0.1 /lxbus/Uploads/buspics/1487493219.jpg
INFO: [ app_init ] --START--
INFO: Run Behavior\BuildLiteBehavior [ RunTime:0.000085s ]
INFO: [ app_init ] --END-- [ RunTime:0.001387s ]
ERR: 无法加载模块:Uploads

[ 2017-04-13T19:24:11+08:00 ] 127.0.0.1 /lxbus/Uploads/buspics/1487492854.jpg
INFO: [ app_init ] --START--
INFO: Run Behavior\BuildLiteBehavior [ RunTime:0.000047s ]
INFO: [ app_init ] --END-- [ RunTime:0.001018s ]
ERR: 无法加载模块:Uploads

[ 2017-04-13T19:24:11+08:00 ] 127.0.0.1 /lxbus/Uploads/buspics/1487493146.jpg
INFO: [ app_init ] --START--
INFO: Run Behavior\BuildLiteBehavior [ RunTime:0.000039s ]
INFO: [ app_init ] --END-- [ RunTime:0.000547s ]
ERR: 无法加载模块:Uploads

[ 2017-04-13T19:24:11+08:00 ] 127.0.0.1 /lxbus/Uploads/buspics/1487492811.jpg
INFO: [ app_init ] --START--
INFO: Run Behavior\BuildLiteBehavior [ RunTime:0.000034s ]
INFO: [ app_init ] --END-- [ RunTime:0.000502s ]
ERR: 无法加载模块:Uploads

[ 2017-04-13T19:24:11+08:00 ] 127.0.0.1 /lxbus/Uploads/buspics/1487492326.jpg
INFO: [ app_init ] --START--
INFO: Run Behavior\BuildLiteBehavior [ RunTime:0.000039s ]
INFO: [ app_init ] --END-- [ RunTime:0.000755s ]
ERR: 无法加载模块:Uploads

[ 2017-04-13T19:24:11+08:00 ] 127.0.0.1 /lxbus/Uploads/buspics/1487491249.jpg
INFO: [ app_init ] --START--
INFO: Run Behavior\BuildLiteBehavior [ RunTime:0.000037s ]
INFO: [ app_init ] --END-- [ RunTime:0.000531s ]
ERR: 无法加载模块:Uploads

[ 2017-04-13T19:24:11+08:00 ] 127.0.0.1 /lxbus/Uploads/buspics/1487489161.jpg
INFO: [ app_init ] --START--
INFO: Run Behavior\BuildLiteBehavior [ RunTime:0.000058s ]
INFO: [ app_init ] --END-- [ RunTime:0.000607s ]
ERR: 无法加载模块:Uploads

[ 2017-04-13T19:24:11+08:00 ] 127.0.0.1 /lxbus/Uploads/buspics/1487489126.jpg
INFO: [ app_init ] --START--
INFO: Run Behavior\BuildLiteBehavior [ RunTime:0.000046s ]
INFO: [ app_init ] --END-- [ RunTime:0.000453s ]
ERR: 无法加载模块:Uploads

[ 2017-04-13T19:24:27+08:00 ] 127.0.0.1 /lxbus/Uploads/buspics/1491730202.jpg
INFO: [ app_init ] --START--
INFO: Run Behavior\BuildLiteBehavior [ RunTime:0.000033s ]
INFO: [ app_init ] --END-- [ RunTime:0.000482s ]
ERR: 无法加载模块:Uploads

[ 2017-04-13T19:24:27+08:00 ] 127.0.0.1 /lxbus/Uploads/buspics/1490840425.jpg
INFO: [ app_init ] --START--
INFO: Run Behavior\BuildLiteBehavior [ RunTime:0.000044s ]
INFO: [ app_init ] --END-- [ RunTime:0.000518s ]
ERR: 无法加载模块:Uploads

[ 2017-04-13T19:24:27+08:00 ] 127.0.0.1 /lxbus/Uploads/buspics/1491730168.jpg
INFO: [ app_init ] --START--
INFO: Run Behavior\BuildLiteBehavior [ RunTime:0.000036s ]
INFO: [ app_init ] --END-- [ RunTime:0.000529s ]
ERR: 无法加载模块:Uploads

[ 2017-04-13T19:24:27+08:00 ] 127.0.0.1 /lxbus/Uploads/buspics/1491730187.jpg
INFO: [ app_init ] --START--
INFO: Run Behavior\BuildLiteBehavior [ RunTime:0.000034s ]
INFO: [ app_init ] --END-- [ RunTime:0.001184s ]
ERR: 无法加载模块:Uploads

[ 2017-04-13T19:24:27+08:00 ] 127.0.0.1 /lxbus/Uploads/buspics/1491536303.jpg
INFO: [ app_init ] --START--
INFO: Run Behavior\BuildLiteBehavior [ RunTime:0.000061s ]
INFO: [ app_init ] --END-- [ RunTime:0.000797s ]
ERR: 无法加载模块:Uploads

[ 2017-04-13T19:24:27+08:00 ] 127.0.0.1 /lxbus/Uploads/buspics/1490930169.jpg
INFO: [ app_init ] --START--
INFO: Run Behavior\BuildLiteBehavior [ RunTime:0.000036s ]
INFO: [ app_init ] --END-- [ RunTime:0.000715s ]
ERR: 无法加载模块:Uploads

[ 2017-04-13T19:24:27+08:00 ] 127.0.0.1 /lxbus/Uploads/buspics/1487558765.jpg
INFO: [ app_init ] --START--
INFO: Run Behavior\BuildLiteBehavior [ RunTime:0.000064s ]
INFO: [ app_init ] --END-- [ RunTime:0.000547s ]
ERR: 无法加载模块:Uploads

[ 2017-04-13T19:24:27+08:00 ] 127.0.0.1 /lxbus/Uploads/buspics/1487494838.jpg
INFO: [ app_init ] --START--
INFO: Run Behavior\BuildLiteBehavior [ RunTime:0.000037s ]
INFO: [ app_init ] --END-- [ RunTime:0.000468s ]
ERR: 无法加载模块:Uploads

[ 2017-04-13T19:24:27+08:00 ] 127.0.0.1 /lxbus/Uploads/buspics/1487493146.jpg
INFO: [ app_init ] --START--
INFO: Run Behavior\BuildLiteBehavior [ RunTime:0.000038s ]
INFO: [ app_init ] --END-- [ RunTime:0.000561s ]
ERR: 无法加载模块:Uploads

[ 2017-04-13T19:24:27+08:00 ] 127.0.0.1 /lxbus/Uploads/buspics/1487492854.jpg
INFO: [ app_init ] --START--
INFO: Run Behavior\BuildLiteBehavior [ RunTime:0.000035s ]
INFO: [ app_init ] --END-- [ RunTime:0.000537s ]
ERR: 无法加载模块:Uploads

[ 2017-04-13T19:24:27+08:00 ] 127.0.0.1 /lxbus/Uploads/buspics/1487493272.jpg
INFO: [ app_init ] --START--
INFO: Run Behavior\BuildLiteBehavior [ RunTime:0.000043s ]
INFO: [ app_init ] --END-- [ RunTime:0.000578s ]
ERR: 无法加载模块:Uploads

[ 2017-04-13T19:24:27+08:00 ] 127.0.0.1 /lxbus/Uploads/buspics/1487492811.jpg
INFO: [ app_init ] --START--
INFO: Run Behavior\BuildLiteBehavior [ RunTime:0.000039s ]
INFO: [ app_init ] --END-- [ RunTime:0.000556s ]
ERR: 无法加载模块:Uploads

[ 2017-04-13T19:24:27+08:00 ] 127.0.0.1 /lxbus/Uploads/buspics/1487492326.jpg
INFO: [ app_init ] --START--
INFO: Run Behavior\BuildLiteBehavior [ RunTime:0.000104s ]
INFO: [ app_init ] --END-- [ RunTime:0.000887s ]
ERR: 无法加载模块:Uploads

[ 2017-04-13T19:24:27+08:00 ] 127.0.0.1 /lxbus/Uploads/buspics/1487491249.jpg
INFO: [ app_init ] --START--
INFO: Run Behavior\BuildLiteBehavior [ RunTime:0.000026s ]
INFO: [ app_init ] --END-- [ RunTime:0.000404s ]
ERR: 无法加载模块:Uploads

[ 2017-04-13T19:24:27+08:00 ] 127.0.0.1 /lxbus/Uploads/buspics/1487489126.jpg
INFO: [ app_init ] --START--
INFO: Run Behavior\BuildLiteBehavior [ RunTime:0.000049s ]
INFO: [ app_init ] --END-- [ RunTime:0.000621s ]
ERR: 无法加载模块:Uploads

[ 2017-04-13T19:24:27+08:00 ] 127.0.0.1 /lxbus/Uploads/buspics/1487489161.jpg
INFO: [ app_init ] --START--
INFO: Run Behavior\BuildLiteBehavior [ RunTime:0.000053s ]
INFO: [ app_init ] --END-- [ RunTime:0.000506s ]
ERR: 无法加载模块:Uploads

[ 2017-04-13T19:30:41+08:00 ] 127.0.0.1 /lxbus/Uploads/buspics/1491730202.jpg
INFO: [ app_init ] --START--
INFO: Run Behavior\BuildLiteBehavior [ RunTime:0.000043s ]
INFO: [ app_init ] --END-- [ RunTime:0.000779s ]
ERR: 无法加载模块:Uploads

[ 2017-04-13T19:30:41+08:00 ] 127.0.0.1 /lxbus/Uploads/buspics/1491730168.jpg
INFO: [ app_init ] --START--
INFO: Run Behavior\BuildLiteBehavior [ RunTime:0.000058s ]
INFO: [ app_init ] --END-- [ RunTime:0.000881s ]
ERR: 无法加载模块:Uploads

[ 2017-04-13T19:30:41+08:00 ] 127.0.0.1 /lxbus/Uploads/buspics/1488946121.jpg
INFO: [ app_init ] --START--
INFO: Run Behavior\BuildLiteBehavior [ RunTime:0.000046s ]
INFO: [ app_init ] --END-- [ RunTime:0.000524s ]
ERR: 无法加载模块:Uploads

[ 2017-04-13T19:30:41+08:00 ] 127.0.0.1 /lxbus/Uploads/buspics/1490840425.jpg
INFO: [ app_init ] --START--
INFO: Run Behavior\BuildLiteBehavior [ RunTime:0.000037s ]
INFO: [ app_init ] --END-- [ RunTime:0.000616s ]
ERR: 无法加载模块:Uploads

[ 2017-04-13T19:30:41+08:00 ] 127.0.0.1 /lxbus/Uploads/buspics/1487558765.jpg
INFO: [ app_init ] --START--
INFO: Run Behavior\BuildLiteBehavior [ RunTime:0.000058s ]
INFO: [ app_init ] --END-- [ RunTime:0.000801s ]
ERR: 无法加载模块:Uploads

[ 2017-04-13T19:30:41+08:00 ] 127.0.0.1 /lxbus/Uploads/buspics/1487494838.jpg
INFO: [ app_init ] --START--
INFO: Run Behavior\BuildLiteBehavior [ RunTime:0.000036s ]
INFO: [ app_init ] --END-- [ RunTime:0.000621s ]
ERR: 无法加载模块:Uploads

[ 2017-04-13T19:30:41+08:00 ] 127.0.0.1 /lxbus/Uploads/buspics/1491536303.jpg
INFO: [ app_init ] --START--
INFO: Run Behavior\BuildLiteBehavior [ RunTime:0.000092s ]
INFO: [ app_init ] --END-- [ RunTime:0.000867s ]
ERR: 无法加载模块:Uploads

[ 2017-04-13T19:30:41+08:00 ] 127.0.0.1 /lxbus/Uploads/buspics/1491730187.jpg
INFO: [ app_init ] --START--
INFO: Run Behavior\BuildLiteBehavior [ RunTime:0.000041s ]
INFO: [ app_init ] --END-- [ RunTime:0.001050s ]
ERR: 无法加载模块:Uploads

[ 2017-04-13T19:30:41+08:00 ] 127.0.0.1 /lxbus/Uploads/buspics/1490930169.jpg
INFO: [ app_init ] --START--
INFO: Run Behavior\BuildLiteBehavior [ RunTime:0.000089s ]
INFO: [ app_init ] --END-- [ RunTime:0.002953s ]
ERR: 无法加载模块:Uploads

[ 2017-04-13T19:30:41+08:00 ] 127.0.0.1 /lxbus/Uploads/buspics/1487493146.jpg
INFO: [ app_init ] --START--
INFO: Run Behavior\BuildLiteBehavior [ RunTime:0.000041s ]
INFO: [ app_init ] --END-- [ RunTime:0.000583s ]
ERR: 无法加载模块:Uploads

[ 2017-04-13T19:30:41+08:00 ] 127.0.0.1 /lxbus/Uploads/buspics/1487493219.jpg
INFO: [ app_init ] --START--
INFO: Run Behavior\BuildLiteBehavior [ RunTime:0.000082s ]
INFO: [ app_init ] --END-- [ RunTime:0.000590s ]
ERR: 无法加载模块:Uploads

[ 2017-04-13T19:30:41+08:00 ] 127.0.0.1 /lxbus/Uploads/buspics/1487492854.jpg
INFO: [ app_init ] --START--
INFO: Run Behavior\BuildLiteBehavior [ RunTime:0.000166s ]
INFO: [ app_init ] --END-- [ RunTime:0.000754s ]
ERR: 无法加载模块:Uploads

[ 2017-04-13T19:30:41+08:00 ] 127.0.0.1 /lxbus/Uploads/buspics/1487492811.jpg
INFO: [ app_init ] --START--
INFO: Run Behavior\BuildLiteBehavior [ RunTime:0.000044s ]
INFO: [ app_init ] --END-- [ RunTime:0.000587s ]
ERR: 无法加载模块:Uploads

[ 2017-04-13T19:30:41+08:00 ] 127.0.0.1 /lxbus/Uploads/buspics/1487491249.jpg
INFO: [ app_init ] --START--
INFO: Run Behavior\BuildLiteBehavior [ RunTime:0.000034s ]
INFO: [ app_init ] --END-- [ RunTime:0.000571s ]
ERR: 无法加载模块:Uploads

[ 2017-04-13T19:30:41+08:00 ] 127.0.0.1 /lxbus/Uploads/buspics/1487492326.jpg
INFO: [ app_init ] --START--
INFO: Run Behavior\BuildLiteBehavior [ RunTime:0.000035s ]
INFO: [ app_init ] --END-- [ RunTime:0.000520s ]
ERR: 无法加载模块:Uploads

[ 2017-04-13T19:30:41+08:00 ] 127.0.0.1 /lxbus/Uploads/buspics/1487493272.jpg
INFO: [ app_init ] --START--
INFO: Run Behavior\BuildLiteBehavior [ RunTime:0.000043s ]
INFO: [ app_init ] --END-- [ RunTime:0.000634s ]
ERR: 无法加载模块:Uploads

[ 2017-04-13T19:30:41+08:00 ] 127.0.0.1 /lxbus/Uploads/buspics/1487489126.jpg
INFO: [ app_init ] --START--
INFO: Run Behavior\BuildLiteBehavior [ RunTime:0.000082s ]
INFO: [ app_init ] --END-- [ RunTime:0.000595s ]
ERR: 无法加载模块:Uploads

[ 2017-04-13T19:30:41+08:00 ] 127.0.0.1 /lxbus/Uploads/buspics/1487489161.jpg
INFO: [ app_init ] --START--
INFO: Run Behavior\BuildLiteBehavior [ RunTime:0.000037s ]
INFO: [ app_init ] --END-- [ RunTime:0.000555s ]
ERR: 无法加载模块:Uploads

[ 2017-04-13T19:30:41+08:00 ] 127.0.0.1 /lxbus/Uploads/buspics/1487424293.jpg
INFO: [ app_init ] --START--
INFO: Run Behavior\BuildLiteBehavior [ RunTime:0.000028s ]
INFO: [ app_init ] --END-- [ RunTime:0.000425s ]
ERR: 无法加载模块:Uploads

[ 2017-04-13T19:30:48+08:00 ] 127.0.0.1 /lxbus/Uploads/buspics/1491730202.jpg
INFO: [ app_init ] --START--
INFO: Run Behavior\BuildLiteBehavior [ RunTime:0.000026s ]
INFO: [ app_init ] --END-- [ RunTime:0.000555s ]
ERR: 无法加载模块:Uploads

[ 2017-04-13T19:30:48+08:00 ] 127.0.0.1 /lxbus/Uploads/buspics/1491730187.jpg
INFO: [ app_init ] --START--
INFO: Run Behavior\BuildLiteBehavior [ RunTime:0.000050s ]
INFO: [ app_init ] --END-- [ RunTime:0.000604s ]
ERR: 无法加载模块:Uploads

[ 2017-04-13T19:30:48+08:00 ] 127.0.0.1 /lxbus/Uploads/buspics/1490930169.jpg
INFO: [ app_init ] --START--
INFO: Run Behavior\BuildLiteBehavior [ RunTime:0.000167s ]
INFO: [ app_init ] --END-- [ RunTime:0.002328s ]
ERR: 无法加载模块:Uploads

[ 2017-04-13T19:30:48+08:00 ] 127.0.0.1 /lxbus/Uploads/buspics/1491536303.jpg
INFO: [ app_init ] --START--
INFO: Run Behavior\BuildLiteBehavior [ RunTime:0.000151s ]
INFO: [ app_init ] --END-- [ RunTime:0.002080s ]
ERR: 无法加载模块:Uploads

[ 2017-04-13T19:30:48+08:00 ] 127.0.0.1 /lxbus/Uploads/buspics/1488946121.jpg
INFO: [ app_init ] --START--
INFO: Run Behavior\BuildLiteBehavior [ RunTime:0.000142s ]
INFO: [ app_init ] --END-- [ RunTime:0.002163s ]
ERR: 无法加载模块:Uploads

[ 2017-04-13T19:30:48+08:00 ] 127.0.0.1 /lxbus/Uploads/buspics/1490840425.jpg
INFO: [ app_init ] --START--
INFO: Run Behavior\BuildLiteBehavior [ RunTime:0.000039s ]
INFO: [ app_init ] --END-- [ RunTime:0.000646s ]
ERR: 无法加载模块:Uploads

[ 2017-04-13T19:30:48+08:00 ] 127.0.0.1 /lxbus/Uploads/buspics/1491730168.jpg
INFO: [ app_init ] --START--
INFO: Run Behavior\BuildLiteBehavior [ RunTime:0.000036s ]
INFO: [ app_init ] --END-- [ RunTime:0.000581s ]
ERR: 无法加载模块:Uploads

[ 2017-04-13T19:30:48+08:00 ] 127.0.0.1 /lxbus/Uploads/buspics/1487558765.jpg
INFO: [ app_init ] --START--
INFO: Run Behavior\BuildLiteBehavior [ RunTime:0.000035s ]
INFO: [ app_init ] --END-- [ RunTime:0.000518s ]
ERR: 无法加载模块:Uploads

[ 2017-04-13T19:30:48+08:00 ] 127.0.0.1 /lxbus/Uploads/buspics/1487494838.jpg
INFO: [ app_init ] --START--
INFO: Run Behavior\BuildLiteBehavior [ RunTime:0.000037s ]
INFO: [ app_init ] --END-- [ RunTime:0.000530s ]
ERR: 无法加载模块:Uploads

[ 2017-04-13T19:30:48+08:00 ] 127.0.0.1 /lxbus/Uploads/buspics/1487493272.jpg
INFO: [ app_init ] --START--
INFO: Run Behavior\BuildLiteBehavior [ RunTime:0.000034s ]
INFO: [ app_init ] --END-- [ RunTime:0.000571s ]
ERR: 无法加载模块:Uploads

[ 2017-04-13T19:30:48+08:00 ] 127.0.0.1 /lxbus/Uploads/buspics/1487492854.jpg
INFO: [ app_init ] --START--
INFO: Run Behavior\BuildLiteBehavior [ RunTime:0.000035s ]
INFO: [ app_init ] --END-- [ RunTime:0.000521s ]
ERR: 无法加载模块:Uploads

[ 2017-04-13T19:30:48+08:00 ] 127.0.0.1 /lxbus/Uploads/buspics/1487493219.jpg
INFO: [ app_init ] --START--
INFO: Run Behavior\BuildLiteBehavior [ RunTime:0.000042s ]
INFO: [ app_init ] --END-- [ RunTime:0.000634s ]
ERR: 无法加载模块:Uploads

[ 2017-04-13T19:30:48+08:00 ] 127.0.0.1 /lxbus/Uploads/buspics/1487492811.jpg
INFO: [ app_init ] --START--
INFO: Run Behavior\BuildLiteBehavior [ RunTime:0.000037s ]
INFO: [ app_init ] --END-- [ RunTime:0.000547s ]
ERR: 无法加载模块:Uploads

[ 2017-04-13T19:30:48+08:00 ] 127.0.0.1 /lxbus/Uploads/buspics/1487492326.jpg
INFO: [ app_init ] --START--
INFO: Run Behavior\BuildLiteBehavior [ RunTime:0.000038s ]
INFO: [ app_init ] --END-- [ RunTime:0.000529s ]
ERR: 无法加载模块:Uploads

[ 2017-04-13T19:30:48+08:00 ] 127.0.0.1 /lxbus/Uploads/buspics/1487489161.jpg
INFO: [ app_init ] --START--
INFO: Run Behavior\BuildLiteBehavior [ RunTime:0.000024s ]
INFO: [ app_init ] --END-- [ RunTime:0.000357s ]
ERR: 无法加载模块:Uploads

[ 2017-04-13T19:30:48+08:00 ] 127.0.0.1 /lxbus/Uploads/buspics/1487491249.jpg
INFO: [ app_init ] --START--
INFO: Run Behavior\BuildLiteBehavior [ RunTime:0.000047s ]
INFO: [ app_init ] --END-- [ RunTime:0.000548s ]
ERR: 无法加载模块:Uploads

[ 2017-04-13T19:30:48+08:00 ] 127.0.0.1 /lxbus/Uploads/buspics/1487489126.jpg
INFO: [ app_init ] --START--
INFO: Run Behavior\BuildLiteBehavior [ RunTime:0.000041s ]
INFO: [ app_init ] --END-- [ RunTime:0.000545s ]
ERR: 无法加载模块:Uploads

[ 2017-04-13T19:30:48+08:00 ] 127.0.0.1 /lxbus/Uploads/buspics/1487424293.jpg
INFO: [ app_init ] --START--
INFO: Run Behavior\BuildLiteBehavior [ RunTime:0.000040s ]
INFO: [ app_init ] --END-- [ RunTime:0.000555s ]
ERR: 无法加载模块:Uploads

[ 2017-04-13T19:31:23+08:00 ] 127.0.0.1 /lxbus/Uploads/buspics/1491730202.jpg
INFO: [ app_init ] --START--
INFO: Run Behavior\BuildLiteBehavior [ RunTime:0.000025s ]
INFO: [ app_init ] --END-- [ RunTime:0.000409s ]
ERR: 无法加载模块:Uploads

[ 2017-04-13T19:31:23+08:00 ] 127.0.0.1 /lxbus/Uploads/buspics/1490930169.jpg
INFO: [ app_init ] --START--
INFO: Run Behavior\BuildLiteBehavior [ RunTime:0.000048s ]
INFO: [ app_init ] --END-- [ RunTime:0.000573s ]
ERR: 无法加载模块:Uploads

[ 2017-04-13T19:31:23+08:00 ] 127.0.0.1 /lxbus/Uploads/buspics/1491536303.jpg
INFO: [ app_init ] --START--
INFO: Run Behavior\BuildLiteBehavior [ RunTime:0.000079s ]
INFO: [ app_init ] --END-- [ RunTime:0.000685s ]
ERR: 无法加载模块:Uploads

[ 2017-04-13T19:31:23+08:00 ] 127.0.0.1 /lxbus/Uploads/buspics/1491730168.jpg
INFO: [ app_init ] --START--
INFO: Run Behavior\BuildLiteBehavior [ RunTime:0.000047s ]
INFO: [ app_init ] --END-- [ RunTime:0.000819s ]
ERR: 无法加载模块:Uploads

[ 2017-04-13T19:31:23+08:00 ] 127.0.0.1 /lxbus/Uploads/buspics/1488946121.jpg
INFO: [ app_init ] --START--
INFO: Run Behavior\BuildLiteBehavior [ RunTime:0.000032s ]
INFO: [ app_init ] --END-- [ RunTime:0.000520s ]
ERR: 无法加载模块:Uploads

[ 2017-04-13T19:31:23+08:00 ] 127.0.0.1 /lxbus/Uploads/buspics/1491730187.jpg
INFO: [ app_init ] --START--
INFO: Run Behavior\BuildLiteBehavior [ RunTime:0.000081s ]
INFO: [ app_init ] --END-- [ RunTime:0.000801s ]
ERR: 无法加载模块:Uploads

[ 2017-04-13T19:31:23+08:00 ] 127.0.0.1 /lxbus/Uploads/buspics/1490840425.jpg
INFO: [ app_init ] --START--
INFO: Run Behavior\BuildLiteBehavior [ RunTime:0.000047s ]
INFO: [ app_init ] --END-- [ RunTime:0.000556s ]
ERR: 无法加载模块:Uploads

[ 2017-04-13T19:31:23+08:00 ] 127.0.0.1 /lxbus/Uploads/buspics/1487558765.jpg
INFO: [ app_init ] --START--
INFO: Run Behavior\BuildLiteBehavior [ RunTime:0.000037s ]
INFO: [ app_init ] --END-- [ RunTime:0.000524s ]
ERR: 无法加载模块:Uploads

[ 2017-04-13T19:31:23+08:00 ] 127.0.0.1 /lxbus/Uploads/buspics/1487494838.jpg
INFO: [ app_init ] --START--
INFO: Run Behavior\BuildLiteBehavior [ RunTime:0.000032s ]
INFO: [ app_init ] --END-- [ RunTime:0.000390s ]
ERR: 无法加载模块:Uploads

[ 2017-04-13T19:31:23+08:00 ] 127.0.0.1 /lxbus/Uploads/buspics/1487493272.jpg
INFO: [ app_init ] --START--
INFO: Run Behavior\BuildLiteBehavior [ RunTime:0.000039s ]
INFO: [ app_init ] --END-- [ RunTime:0.000594s ]
ERR: 无法加载模块:Uploads

[ 2017-04-13T19:31:23+08:00 ] 127.0.0.1 /lxbus/Uploads/buspics/1487493219.jpg
INFO: [ app_init ] --START--
INFO: Run Behavior\BuildLiteBehavior [ RunTime:0.000039s ]
INFO: [ app_init ] --END-- [ RunTime:0.000540s ]
ERR: 无法加载模块:Uploads

[ 2017-04-13T19:31:23+08:00 ] 127.0.0.1 /lxbus/Uploads/buspics/1487493146.jpg
INFO: [ app_init ] --START--
INFO: Run Behavior\BuildLiteBehavior [ RunTime:0.000032s ]
INFO: [ app_init ] --END-- [ RunTime:0.000502s ]
ERR: 无法加载模块:Uploads

[ 2017-04-13T19:31:23+08:00 ] 127.0.0.1 /lxbus/Uploads/buspics/1487492854.jpg
INFO: [ app_init ] --START--
INFO: Run Behavior\BuildLiteBehavior [ RunTime:0.000062s ]
INFO: [ app_init ] --END-- [ RunTime:0.000572s ]
ERR: 无法加载模块:Uploads

[ 2017-04-13T19:31:23+08:00 ] 127.0.0.1 /lxbus/Uploads/buspics/1487492811.jpg
INFO: [ app_init ] --START--
INFO: Run Behavior\BuildLiteBehavior [ RunTime:0.000033s ]
INFO: [ app_init ] --END-- [ RunTime:0.000427s ]
ERR: 无法加载模块:Uploads

[ 2017-04-13T19:31:23+08:00 ] 127.0.0.1 /lxbus/Uploads/buspics/1487492326.jpg
INFO: [ app_init ] --START--
INFO: Run Behavior\BuildLiteBehavior [ RunTime:0.000023s ]
INFO: [ app_init ] --END-- [ RunTime:0.000363s ]
ERR: 无法加载模块:Uploads

[ 2017-04-13T19:31:23+08:00 ] 127.0.0.1 /lxbus/Uploads/buspics/1487424293.jpg
INFO: [ app_init ] --START--
INFO: Run Behavior\BuildLiteBehavior [ RunTime:0.000022s ]
INFO: [ app_init ] --END-- [ RunTime:0.000369s ]
ERR: 无法加载模块:Uploads

[ 2017-04-13T19:31:23+08:00 ] 127.0.0.1 /lxbus/Uploads/buspics/1487489126.jpg
INFO: [ app_init ] --START--
INFO: Run Behavior\BuildLiteBehavior [ RunTime:0.000048s ]
INFO: [ app_init ] --END-- [ RunTime:0.000546s ]
ERR: 无法加载模块:Uploads

[ 2017-04-13T19:31:23+08:00 ] 127.0.0.1 /lxbus/Uploads/buspics/1487491249.jpg
INFO: [ app_init ] --START--
INFO: Run Behavior\BuildLiteBehavior [ RunTime:0.000033s ]
INFO: [ app_init ] --END-- [ RunTime:0.000498s ]
ERR: 无法加载模块:Uploads

[ 2017-04-13T19:31:23+08:00 ] 127.0.0.1 /lxbus/Uploads/buspics/1487489161.jpg
INFO: [ app_init ] --START--
INFO: Run Behavior\BuildLiteBehavior [ RunTime:0.000041s ]
INFO: [ app_init ] --END-- [ RunTime:0.000621s ]
ERR: 无法加载模块:Uploads

[ 2017-04-13T19:32:26+08:00 ] 127.0.0.1 /lxbus/Uploads/buspics/1491730202.jpg
INFO: [ app_init ] --START--
INFO: Run Behavior\BuildLiteBehavior [ RunTime:0.000063s ]
INFO: [ app_init ] --END-- [ RunTime:0.000840s ]
ERR: 无法加载模块:Uploads

[ 2017-04-13T19:32:26+08:00 ] 127.0.0.1 /lxbus/Uploads/buspics/1491730187.jpg
INFO: [ app_init ] --START--
INFO: Run Behavior\BuildLiteBehavior [ RunTime:0.000048s ]
INFO: [ app_init ] --END-- [ RunTime:0.000642s ]
ERR: 无法加载模块:Uploads

[ 2017-04-13T19:32:26+08:00 ] 127.0.0.1 /lxbus/Uploads/buspics/1490930169.jpg
INFO: [ app_init ] --START--
INFO: Run Behavior\BuildLiteBehavior [ RunTime:0.000190s ]
INFO: [ app_init ] --END-- [ RunTime:0.001981s ]
ERR: 无法加载模块:Uploads

[ 2017-04-13T19:32:26+08:00 ] 127.0.0.1 /lxbus/Uploads/buspics/1491730168.jpg
INFO: [ app_init ] --START--
INFO: Run Behavior\BuildLiteBehavior [ RunTime:0.000043s ]
INFO: [ app_init ] --END-- [ RunTime:0.000647s ]
ERR: 无法加载模块:Uploads

[ 2017-04-13T19:32:26+08:00 ] 127.0.0.1 /lxbus/Uploads/buspics/1491536303.jpg
INFO: [ app_init ] --START--
INFO: Run Behavior\BuildLiteBehavior [ RunTime:0.000049s ]
INFO: [ app_init ] --END-- [ RunTime:0.000802s ]
ERR: 无法加载模块:Uploads

[ 2017-04-13T19:32:26+08:00 ] 127.0.0.1 /lxbus/Uploads/buspics/1490840425.jpg
INFO: [ app_init ] --START--
INFO: Run Behavior\BuildLiteBehavior [ RunTime:0.000043s ]
INFO: [ app_init ] --END-- [ RunTime:0.000647s ]
ERR: 无法加载模块:Uploads

[ 2017-04-13T19:32:26+08:00 ] 127.0.0.1 /lxbus/Uploads/buspics/1487558765.jpg
INFO: [ app_init ] --START--
INFO: Run Behavior\BuildLiteBehavior [ RunTime:0.000036s ]
INFO: [ app_init ] --END-- [ RunTime:0.000529s ]
ERR: 无法加载模块:Uploads

[ 2017-04-13T19:32:26+08:00 ] 127.0.0.1 /lxbus/Uploads/buspics/1487494838.jpg
INFO: [ app_init ] --START--
INFO: Run Behavior\BuildLiteBehavior [ RunTime:0.000043s ]
INFO: [ app_init ] --END-- [ RunTime:0.000649s ]
ERR: 无法加载模块:Uploads

[ 2017-04-13T19:32:26+08:00 ] 127.0.0.1 /lxbus/Uploads/buspics/1487493146.jpg
INFO: [ app_init ] --START--
INFO: Run Behavior\BuildLiteBehavior [ RunTime:0.000037s ]
INFO: [ app_init ] --END-- [ RunTime:0.000597s ]
ERR: 无法加载模块:Uploads

[ 2017-04-13T19:32:26+08:00 ] 127.0.0.1 /lxbus/Uploads/buspics/1487493272.jpg
INFO: [ app_init ] --START--
INFO: Run Behavior\BuildLiteBehavior [ RunTime:0.000037s ]
INFO: [ app_init ] --END-- [ RunTime:0.000572s ]
ERR: 无法加载模块:Uploads

[ 2017-04-13T19:32:26+08:00 ] 127.0.0.1 /lxbus/Uploads/buspics/1487493219.jpg
INFO: [ app_init ] --START--
INFO: Run Behavior\BuildLiteBehavior [ RunTime:0.000080s ]
INFO: [ app_init ] --END-- [ RunTime:0.001270s ]
ERR: 无法加载模块:Uploads

[ 2017-04-13T19:32:26+08:00 ] 127.0.0.1 /lxbus/Uploads/buspics/1487492854.jpg
INFO: [ app_init ] --START--
INFO: Run Behavior\BuildLiteBehavior [ RunTime:0.000072s ]
INFO: [ app_init ] --END-- [ RunTime:0.000949s ]
ERR: 无法加载模块:Uploads

[ 2017-04-13T19:32:26+08:00 ] 127.0.0.1 /lxbus/Uploads/buspics/1487492811.jpg
INFO: [ app_init ] --START--
INFO: Run Behavior\BuildLiteBehavior [ RunTime:0.000042s ]
INFO: [ app_init ] --END-- [ RunTime:0.000623s ]
ERR: 无法加载模块:Uploads

[ 2017-04-13T19:32:26+08:00 ] 127.0.0.1 /lxbus/Uploads/buspics/1487492326.jpg
INFO: [ app_init ] --START--
INFO: Run Behavior\BuildLiteBehavior [ RunTime:0.000047s ]
INFO: [ app_init ] --END-- [ RunTime:0.000601s ]
ERR: 无法加载模块:Uploads

[ 2017-04-13T19:32:26+08:00 ] 127.0.0.1 /lxbus/Uploads/buspics/1487489161.jpg
INFO: [ app_init ] --START--
INFO: Run Behavior\BuildLiteBehavior [ RunTime:0.000026s ]
INFO: [ app_init ] --END-- [ RunTime:0.000397s ]
ERR: 无法加载模块:Uploads

[ 2017-04-13T19:32:26+08:00 ] 127.0.0.1 /lxbus/Uploads/buspics/1487491249.jpg
INFO: [ app_init ] --START--
INFO: Run Behavior\BuildLiteBehavior [ RunTime:0.000039s ]
INFO: [ app_init ] --END-- [ RunTime:0.000562s ]
ERR: 无法加载模块:Uploads

[ 2017-04-13T19:32:26+08:00 ] 127.0.0.1 /lxbus/Uploads/buspics/1487489126.jpg
INFO: [ app_init ] --START--
INFO: Run Behavior\BuildLiteBehavior [ RunTime:0.000029s ]
INFO: [ app_init ] --END-- [ RunTime:0.000417s ]
ERR: 无法加载模块:Uploads

[ 2017-04-13T19:32:26+08:00 ] 127.0.0.1 /lxbus/Uploads/buspics/1487424293.jpg
INFO: [ app_init ] --START--
INFO: Run Behavior\BuildLiteBehavior [ RunTime:0.000027s ]
INFO: [ app_init ] --END-- [ RunTime:0.000456s ]
ERR: 无法加载模块:Uploads

[ 2017-04-13T19:32:31+08:00 ] 127.0.0.1 /lxbus/Uploads/buspics/1490930169.jpg
INFO: [ app_init ] --START--
INFO: Run Behavior\BuildLiteBehavior [ RunTime:0.000035s ]
INFO: [ app_init ] --END-- [ RunTime:0.000546s ]
ERR: 无法加载模块:Uploads

[ 2017-04-13T19:32:31+08:00 ] 127.0.0.1 /lxbus/Uploads/buspics/1491730168.jpg
INFO: [ app_init ] --START--
INFO: Run Behavior\BuildLiteBehavior [ RunTime:0.000046s ]
INFO: [ app_init ] --END-- [ RunTime:0.000523s ]
ERR: 无法加载模块:Uploads

[ 2017-04-13T19:32:31+08:00 ] 127.0.0.1 /lxbus/Uploads/buspics/1491730202.jpg
INFO: [ app_init ] --START--
INFO: Run Behavior\BuildLiteBehavior [ RunTime:0.000052s ]
INFO: [ app_init ] --END-- [ RunTime:0.000649s ]
ERR: 无法加载模块:Uploads

[ 2017-04-13T19:32:31+08:00 ] 127.0.0.1 /lxbus/Uploads/buspics/1491730187.jpg
INFO: [ app_init ] --START--
INFO: Run Behavior\BuildLiteBehavior [ RunTime:0.000042s ]
INFO: [ app_init ] --END-- [ RunTime:0.000610s ]
ERR: 无法加载模块:Uploads

[ 2017-04-13T19:32:31+08:00 ] 127.0.0.1 /lxbus/Uploads/buspics/1491536303.jpg
INFO: [ app_init ] --START--
INFO: Run Behavior\BuildLiteBehavior [ RunTime:0.000042s ]
INFO: [ app_init ] --END-- [ RunTime:0.000650s ]
ERR: 无法加载模块:Uploads

[ 2017-04-13T19:32:31+08:00 ] 127.0.0.1 /lxbus/Uploads/buspics/1490840425.jpg
INFO: [ app_init ] --START--
INFO: Run Behavior\BuildLiteBehavior [ RunTime:0.000036s ]
INFO: [ app_init ] --END-- [ RunTime:0.000615s ]
ERR: 无法加载模块:Uploads

[ 2017-04-13T19:32:31+08:00 ] 127.0.0.1 /lxbus/Uploads/buspics/1487493272.jpg
INFO: [ app_init ] --START--
INFO: Run Behavior\BuildLiteBehavior [ RunTime:0.000050s ]
INFO: [ app_init ] --END-- [ RunTime:0.000737s ]
ERR: 无法加载模块:Uploads

[ 2017-04-13T19:32:31+08:00 ] 127.0.0.1 /lxbus/Uploads/buspics/1487494838.jpg
INFO: [ app_init ] --START--
INFO: Run Behavior\BuildLiteBehavior [ RunTime:0.000071s ]
INFO: [ app_init ] --END-- [ RunTime:0.000748s ]
ERR: 无法加载模块:Uploads

[ 2017-04-13T19:32:31+08:00 ] 127.0.0.1 /lxbus/Uploads/buspics/1487493219.jpg
INFO: [ app_init ] --START--
INFO: Run Behavior\BuildLiteBehavior [ RunTime:0.000043s ]
INFO: [ app_init ] --END-- [ RunTime:0.000577s ]
ERR: 无法加载模块:Uploads

[ 2017-04-13T19:32:31+08:00 ] 127.0.0.1 /lxbus/Uploads/buspics/1487493146.jpg
INFO: [ app_init ] --START--
INFO: Run Behavior\BuildLiteBehavior [ RunTime:0.000143s ]
INFO: [ app_init ] --END-- [ RunTime:0.001512s ]
ERR: 无法加载模块:Uploads

[ 2017-04-13T19:32:31+08:00 ] 127.0.0.1 /lxbus/Uploads/buspics/1488946121.jpg
INFO: [ app_init ] --START--
INFO: Run Behavior\BuildLiteBehavior [ RunTime:0.000064s ]
INFO: [ app_init ] --END-- [ RunTime:0.000745s ]
ERR: 无法加载模块:Uploads

[ 2017-04-13T19:32:31+08:00 ] 127.0.0.1 /lxbus/Uploads/buspics/1487492811.jpg
INFO: [ app_init ] --START--
INFO: Run Behavior\BuildLiteBehavior [ RunTime:0.000037s ]
INFO: [ app_init ] --END-- [ RunTime:0.000568s ]
ERR: 无法加载模块:Uploads

[ 2017-04-13T19:32:31+08:00 ] 127.0.0.1 /lxbus/Uploads/buspics/1487492326.jpg
INFO: [ app_init ] --START--
INFO: Run Behavior\BuildLiteBehavior [ RunTime:0.000045s ]
INFO: [ app_init ] --END-- [ RunTime:0.000575s ]
ERR: 无法加载模块:Uploads

[ 2017-04-13T19:32:31+08:00 ] 127.0.0.1 /lxbus/Uploads/buspics/1487492854.jpg
INFO: [ app_init ] --START--
INFO: Run Behavior\BuildLiteBehavior [ RunTime:0.000044s ]
INFO: [ app_init ] --END-- [ RunTime:0.000657s ]
ERR: 无法加载模块:Uploads

[ 2017-04-13T19:32:31+08:00 ] 127.0.0.1 /lxbus/Uploads/buspics/1487491249.jpg
INFO: [ app_init ] --START--
INFO: Run Behavior\BuildLiteBehavior [ RunTime:0.000046s ]
INFO: [ app_init ] --END-- [ RunTime:0.000621s ]
ERR: 无法加载模块:Uploads

[ 2017-04-13T19:32:31+08:00 ] 127.0.0.1 /lxbus/Uploads/buspics/1487489161.jpg
INFO: [ app_init ] --START--
INFO: Run Behavior\BuildLiteBehavior [ RunTime:0.000037s ]
INFO: [ app_init ] --END-- [ RunTime:0.000895s ]
ERR: 无法加载模块:Uploads

[ 2017-04-13T19:32:31+08:00 ] 127.0.0.1 /lxbus/Uploads/buspics/1487489126.jpg
INFO: [ app_init ] --START--
INFO: Run Behavior\BuildLiteBehavior [ RunTime:0.000046s ]
INFO: [ app_init ] --END-- [ RunTime:0.000726s ]
ERR: 无法加载模块:Uploads

[ 2017-04-13T19:32:31+08:00 ] 127.0.0.1 /lxbus/Uploads/buspics/1487424293.jpg
INFO: [ app_init ] --START--
INFO: Run Behavior\BuildLiteBehavior [ RunTime:0.000047s ]
INFO: [ app_init ] --END-- [ RunTime:0.000774s ]
ERR: 无法加载模块:Uploads

[ 2017-04-13T20:29:15+08:00 ] 127.0.0.1 /lxbus/Uploads/buspics/1490930169.jpg
INFO: [ app_init ] --START--
INFO: Run Behavior\BuildLiteBehavior [ RunTime:0.000022s ]
INFO: [ app_init ] --END-- [ RunTime:0.000386s ]
ERR: 无法加载模块:Uploads

[ 2017-04-13T20:29:15+08:00 ] 127.0.0.1 /lxbus/Uploads/buspics/1490840425.jpg
INFO: [ app_init ] --START--
INFO: Run Behavior\BuildLiteBehavior [ RunTime:0.000021s ]
INFO: [ app_init ] --END-- [ RunTime:0.000422s ]
ERR: 无法加载模块:Uploads

[ 2017-04-13T20:29:15+08:00 ] 127.0.0.1 /lxbus/Uploads/buspics/1487558765.jpg
INFO: [ app_init ] --START--
INFO: Run Behavior\BuildLiteBehavior [ RunTime:0.000054s ]
INFO: [ app_init ] --END-- [ RunTime:0.000788s ]
ERR: 无法加载模块:Uploads

[ 2017-04-13T20:29:15+08:00 ] 127.0.0.1 /lxbus/Uploads/buspics/1488946121.jpg
INFO: [ app_init ] --START--
INFO: Run Behavior\BuildLiteBehavior [ RunTime:0.000043s ]
INFO: [ app_init ] --END-- [ RunTime:0.000800s ]
ERR: 无法加载模块:Uploads

[ 2017-04-13T20:29:15+08:00 ] 127.0.0.1 /lxbus/Uploads/buspics/1487494838.jpg
INFO: [ app_init ] --START--
INFO: Run Behavior\BuildLiteBehavior [ RunTime:0.000086s ]
INFO: [ app_init ] --END-- [ RunTime:0.000883s ]
ERR: 无法加载模块:Uploads

[ 2017-04-13T20:29:15+08:00 ] 127.0.0.1 /lxbus/Uploads/buspics/1487493272.jpg
INFO: [ app_init ] --START--
INFO: Run Behavior\BuildLiteBehavior [ RunTime:0.000054s ]
INFO: [ app_init ] --END-- [ RunTime:0.000768s ]
ERR: 无法加载模块:Uploads

[ 2017-04-13T20:29:15+08:00 ] 127.0.0.1 /lxbus/Uploads/buspics/1487493219.jpg
INFO: [ app_init ] --START--
INFO: Run Behavior\BuildLiteBehavior [ RunTime:0.000049s ]
INFO: [ app_init ] --END-- [ RunTime:0.000747s ]
ERR: 无法加载模块:Uploads

[ 2017-04-13T20:29:15+08:00 ] 127.0.0.1 /lxbus/Uploads/buspics/1487492854.jpg
INFO: [ app_init ] --START--
INFO: Run Behavior\BuildLiteBehavior [ RunTime:0.000035s ]
INFO: [ app_init ] --END-- [ RunTime:0.000516s ]
ERR: 无法加载模块:Uploads

[ 2017-04-13T20:29:15+08:00 ] 127.0.0.1 /lxbus/Uploads/buspics/1487492811.jpg
INFO: [ app_init ] --START--
INFO: Run Behavior\BuildLiteBehavior [ RunTime:0.000035s ]
INFO: [ app_init ] --END-- [ RunTime:0.000421s ]
ERR: 无法加载模块:Uploads

[ 2017-04-13T20:29:15+08:00 ] 127.0.0.1 /lxbus/Uploads/buspics/1487492326.jpg
INFO: [ app_init ] --START--
INFO: Run Behavior\BuildLiteBehavior [ RunTime:0.000022s ]
INFO: [ app_init ] --END-- [ RunTime:0.000370s ]
ERR: 无法加载模块:Uploads

[ 2017-04-13T20:29:15+08:00 ] 127.0.0.1 /lxbus/Uploads/buspics/1487491249.jpg
INFO: [ app_init ] --START--
INFO: Run Behavior\BuildLiteBehavior [ RunTime:0.000040s ]
INFO: [ app_init ] --END-- [ RunTime:0.000507s ]
ERR: 无法加载模块:Uploads

[ 2017-04-13T20:29:15+08:00 ] 127.0.0.1 /lxbus/Uploads/buspics/1487489126.jpg
INFO: [ app_init ] --START--
INFO: Run Behavior\BuildLiteBehavior [ RunTime:0.000039s ]
INFO: [ app_init ] --END-- [ RunTime:0.000492s ]
ERR: 无法加载模块:Uploads

[ 2017-04-13T20:29:15+08:00 ] 127.0.0.1 /lxbus/Uploads/buspics/1487489161.jpg
INFO: [ app_init ] --START--
INFO: Run Behavior\BuildLiteBehavior [ RunTime:0.000039s ]
INFO: [ app_init ] --END-- [ RunTime:0.000635s ]
ERR: 无法加载模块:Uploads

[ 2017-04-13T20:29:15+08:00 ] 127.0.0.1 /lxbus/Uploads/buspics/1487424293.jpg
INFO: [ app_init ] --START--
INFO: Run Behavior\BuildLiteBehavior [ RunTime:0.000041s ]
INFO: [ app_init ] --END-- [ RunTime:0.000362s ]
ERR: 无法加载模块:Uploads

[ 2017-04-13T20:30:15+08:00 ] 127.0.0.1 /lxbus/Uploads/buspics/1491730202.jpg
INFO: [ app_init ] --START--
INFO: Run Behavior\BuildLiteBehavior [ RunTime:0.000043s ]
INFO: [ app_init ] --END-- [ RunTime:0.000613s ]
ERR: 无法加载模块:Uploads

[ 2017-04-13T20:30:15+08:00 ] 127.0.0.1 /lxbus/Uploads/buspics/1490930169.jpg
INFO: [ app_init ] --START--
INFO: Run Behavior\BuildLiteBehavior [ RunTime:0.000044s ]
INFO: [ app_init ] --END-- [ RunTime:0.000521s ]
ERR: 无法加载模块:Uploads

[ 2017-04-13T20:30:15+08:00 ] 127.0.0.1 /lxbus/Uploads/buspics/1491730187.jpg
INFO: [ app_init ] --START--
INFO: Run Behavior\BuildLiteBehavior [ RunTime:0.000034s ]
INFO: [ app_init ] --END-- [ RunTime:0.000501s ]
ERR: 无法加载模块:Uploads

[ 2017-04-13T20:30:15+08:00 ] 127.0.0.1 /lxbus/Uploads/buspics/1491536303.jpg
INFO: [ app_init ] --START--
INFO: Run Behavior\BuildLiteBehavior [ RunTime:0.000034s ]
INFO: [ app_init ] --END-- [ RunTime:0.000507s ]
ERR: 无法加载模块:Uploads

[ 2017-04-13T20:30:15+08:00 ] 127.0.0.1 /lxbus/Uploads/buspics/1488946121.jpg
INFO: [ app_init ] --START--
INFO: Run Behavior\BuildLiteBehavior [ RunTime:0.000035s ]
INFO: [ app_init ] --END-- [ RunTime:0.000512s ]
ERR: 无法加载模块:Uploads

[ 2017-04-13T20:30:15+08:00 ] 127.0.0.1 /lxbus/Uploads/buspics/1490840425.jpg
INFO: [ app_init ] --START--
INFO: Run Behavior\BuildLiteBehavior [ RunTime:0.000106s ]
INFO: [ app_init ] --END-- [ RunTime:0.000689s ]
ERR: 无法加载模块:Uploads

[ 2017-04-13T20:30:15+08:00 ] 127.0.0.1 /lxbus/Uploads/buspics/1491730168.jpg
INFO: [ app_init ] --START--
INFO: Run Behavior\BuildLiteBehavior [ RunTime:0.000051s ]
INFO: [ app_init ] --END-- [ RunTime:0.014295s ]
ERR: 无法加载模块:Uploads

[ 2017-04-13T20:30:15+08:00 ] 127.0.0.1 /lxbus/Uploads/buspics/1487494838.jpg
INFO: [ app_init ] --START--
INFO: Run Behavior\BuildLiteBehavior [ RunTime:0.000039s ]
INFO: [ app_init ] --END-- [ RunTime:0.000664s ]
ERR: 无法加载模块:Uploads

[ 2017-04-13T20:30:15+08:00 ] 127.0.0.1 /lxbus/Uploads/buspics/1487493272.jpg
INFO: [ app_init ] --START--
INFO: Run Behavior\BuildLiteBehavior [ RunTime:0.000036s ]
INFO: [ app_init ] --END-- [ RunTime:0.000534s ]
ERR: 无法加载模块:Uploads

[ 2017-04-13T20:30:15+08:00 ] 127.0.0.1 /lxbus/Uploads/buspics/1487493219.jpg
INFO: [ app_init ] --START--
INFO: Run Behavior\BuildLiteBehavior [ RunTime:0.000035s ]
INFO: [ app_init ] --END-- [ RunTime:0.000527s ]
ERR: 无法加载模块:Uploads

[ 2017-04-13T20:30:15+08:00 ] 127.0.0.1 /lxbus/Uploads/buspics/1487493146.jpg
INFO: [ app_init ] --START--
INFO: Run Behavior\BuildLiteBehavior [ RunTime:0.000035s ]
INFO: [ app_init ] --END-- [ RunTime:0.000675s ]
ERR: 无法加载模块:Uploads

[ 2017-04-13T20:30:15+08:00 ] 127.0.0.1 /lxbus/Uploads/buspics/1487558765.jpg
INFO: [ app_init ] --START--
INFO: Run Behavior\BuildLiteBehavior [ RunTime:0.001219s ]
INFO: [ app_init ] --END-- [ RunTime:0.001782s ]
ERR: 无法加载模块:Uploads

[ 2017-04-13T20:30:15+08:00 ] 127.0.0.1 /lxbus/Uploads/buspics/1487492854.jpg
INFO: [ app_init ] --START--
INFO: Run Behavior\BuildLiteBehavior [ RunTime:0.000039s ]
INFO: [ app_init ] --END-- [ RunTime:0.000552s ]
ERR: 无法加载模块:Uploads

[ 2017-04-13T20:30:15+08:00 ] 127.0.0.1 /lxbus/Uploads/buspics/1487492811.jpg
INFO: [ app_init ] --START--
INFO: Run Behavior\BuildLiteBehavior [ RunTime:0.000035s ]
INFO: [ app_init ] --END-- [ RunTime:0.000518s ]
ERR: 无法加载模块:Uploads

[ 2017-04-13T20:30:15+08:00 ] 127.0.0.1 /lxbus/Uploads/buspics/1487491249.jpg
INFO: [ app_init ] --START--
INFO: Run Behavior\BuildLiteBehavior [ RunTime:0.000037s ]
INFO: [ app_init ] --END-- [ RunTime:0.000530s ]
ERR: 无法加载模块:Uploads

[ 2017-04-13T20:30:15+08:00 ] 127.0.0.1 /lxbus/Uploads/buspics/1487489161.jpg
INFO: [ app_init ] --START--
INFO: Run Behavior\BuildLiteBehavior [ RunTime:0.000063s ]
INFO: [ app_init ] --END-- [ RunTime:0.000987s ]
ERR: 无法加载模块:Uploads

[ 2017-04-13T20:30:15+08:00 ] 127.0.0.1 /lxbus/Uploads/buspics/1487424293.jpg
INFO: [ app_init ] --START--
INFO: Run Behavior\BuildLiteBehavior [ RunTime:0.000039s ]
INFO: [ app_init ] --END-- [ RunTime:0.000587s ]
ERR: 无法加载模块:Uploads

[ 2017-04-13T20:30:15+08:00 ] 127.0.0.1 /lxbus/Uploads/buspics/1487492326.jpg
INFO: [ app_init ] --START--
INFO: Run Behavior\BuildLiteBehavior [ RunTime:0.000075s ]
INFO: [ app_init ] --END-- [ RunTime:0.001197s ]
ERR: 无法加载模块:Uploads

[ 2017-04-13T20:30:15+08:00 ] 127.0.0.1 /lxbus/Uploads/buspics/1487489126.jpg
INFO: [ app_init ] --START--
INFO: Run Behavior\BuildLiteBehavior [ RunTime:0.000034s ]
INFO: [ app_init ] --END-- [ RunTime:0.000525s ]
ERR: 无法加载模块:Uploads

[ 2017-04-13T21:29:10+08:00 ] 127.0.0.1 /lxbus/Application/Admin/View//Public//static/fonts/ionicons.ttf?v=2.0.1
INFO: [ app_init ] --START--
INFO: Run Behavior\BuildLiteBehavior [ RunTime:0.000022s ]
INFO: [ app_init ] --END-- [ RunTime:0.000413s ]
ERR: 无法加载模块:Application

[ 2017-04-13T21:29:11+08:00 ] 127.0.0.1 /lxbus/Application/Admin/View//Public//static/fonts/ionicons.woff?v=2.0.1
INFO: [ app_init ] --START--
INFO: Run Behavior\BuildLiteBehavior [ RunTime:0.000047s ]
INFO: [ app_init ] --END-- [ RunTime:0.000743s ]
ERR: 无法加载模块:Application

[ 2017-04-13T22:06:56+08:00 ] 127.0.0.1 /lxbus/Uploads/buspics/1491730202.jpg
INFO: [ app_init ] --START--
INFO: Run Behavior\BuildLiteBehavior [ RunTime:0.000028s ]
INFO: [ app_init ] --END-- [ RunTime:0.000511s ]
ERR: 无法加载模块:Uploads

[ 2017-04-13T22:06:56+08:00 ] 127.0.0.1 /lxbus/Uploads/buspics/1491730187.jpg
INFO: [ app_init ] --START--
INFO: Run Behavior\BuildLiteBehavior [ RunTime:0.000039s ]
INFO: [ app_init ] --END-- [ RunTime:0.000616s ]
ERR: 无法加载模块:Uploads

[ 2017-04-13T22:06:56+08:00 ] 127.0.0.1 /lxbus/Uploads/buspics/1491730168.jpg
INFO: [ app_init ] --START--
INFO: Run Behavior\BuildLiteBehavior [ RunTime:0.000041s ]
INFO: [ app_init ] --END-- [ RunTime:0.000651s ]
ERR: 无法加载模块:Uploads

[ 2017-04-13T22:06:56+08:00 ] 127.0.0.1 /lxbus/Uploads/buspics/1488946121.jpg
INFO: [ app_init ] --START--
INFO: Run Behavior\BuildLiteBehavior [ RunTime:0.000037s ]
INFO: [ app_init ] --END-- [ RunTime:0.000581s ]
ERR: 无法加载模块:Uploads

[ 2017-04-13T22:06:56+08:00 ] 127.0.0.1 /lxbus/Uploads/buspics/1490840425.jpg
INFO: [ app_init ] --START--
INFO: Run Behavior\BuildLiteBehavior [ RunTime:0.000032s ]
INFO: [ app_init ] --END-- [ RunTime:0.000652s ]
ERR: 无法加载模块:Uploads

[ 2017-04-13T22:06:56+08:00 ] 127.0.0.1 /lxbus/Uploads/buspics/1491536303.jpg
INFO: [ app_init ] --START--
INFO: Run Behavior\BuildLiteBehavior [ RunTime:0.000046s ]
INFO: [ app_init ] --END-- [ RunTime:0.000616s ]
ERR: 无法加载模块:Uploads

[ 2017-04-13T22:06:56+08:00 ] 127.0.0.1 /lxbus/Uploads/buspics/1490930169.jpg
INFO: [ app_init ] --START--
INFO: Run Behavior\BuildLiteBehavior [ RunTime:0.000044s ]
INFO: [ app_init ] --END-- [ RunTime:0.000648s ]
ERR: 无法加载模块:Uploads

[ 2017-04-13T22:06:56+08:00 ] 127.0.0.1 /lxbus/Uploads/buspics/1487558765.jpg
INFO: [ app_init ] --START--
INFO: Run Behavior\BuildLiteBehavior [ RunTime:0.000035s ]
INFO: [ app_init ] --END-- [ RunTime:0.000520s ]
ERR: 无法加载模块:Uploads

[ 2017-04-13T22:06:56+08:00 ] 127.0.0.1 /lxbus/Uploads/buspics/1487494838.jpg
INFO: [ app_init ] --START--
INFO: Run Behavior\BuildLiteBehavior [ RunTime:0.000040s ]
INFO: [ app_init ] --END-- [ RunTime:0.000566s ]
ERR: 无法加载模块:Uploads

[ 2017-04-13T22:06:56+08:00 ] 127.0.0.1 /lxbus/Uploads/buspics/1487493219.jpg
INFO: [ app_init ] --START--
INFO: Run Behavior\BuildLiteBehavior [ RunTime:0.000055s ]
INFO: [ app_init ] --END-- [ RunTime:0.000576s ]
ERR: 无法加载模块:Uploads

[ 2017-04-13T22:06:56+08:00 ] 127.0.0.1 /lxbus/Uploads/buspics/1487493272.jpg
INFO: [ app_init ] --START--
INFO: Run Behavior\BuildLiteBehavior [ RunTime:0.000035s ]
INFO: [ app_init ] --END-- [ RunTime:0.000521s ]
ERR: 无法加载模块:Uploads

[ 2017-04-13T22:06:56+08:00 ] 127.0.0.1 /lxbus/Uploads/buspics/1487493146.jpg
INFO: [ app_init ] --START--
INFO: Run Behavior\BuildLiteBehavior [ RunTime:0.000045s ]
INFO: [ app_init ] --END-- [ RunTime:0.000546s ]
ERR: 无法加载模块:Uploads

[ 2017-04-13T22:06:56+08:00 ] 127.0.0.1 /lxbus/Uploads/buspics/1487492854.jpg
INFO: [ app_init ] --START--
INFO: Run Behavior\BuildLiteBehavior [ RunTime:0.000038s ]
INFO: [ app_init ] --END-- [ RunTime:0.000589s ]
ERR: 无法加载模块:Uploads

[ 2017-04-13T22:06:56+08:00 ] 127.0.0.1 /lxbus/Uploads/buspics/1487492811.jpg
INFO: [ app_init ] --START--
INFO: Run Behavior\BuildLiteBehavior [ RunTime:0.000036s ]
INFO: [ app_init ] --END-- [ RunTime:0.000527s ]
ERR: 无法加载模块:Uploads

[ 2017-04-13T22:06:56+08:00 ] 127.0.0.1 /lxbus/Uploads/buspics/1487492326.jpg
INFO: [ app_init ] --START--
INFO: Run Behavior\BuildLiteBehavior [ RunTime:0.000047s ]
INFO: [ app_init ] --END-- [ RunTime:0.000596s ]
ERR: 无法加载模块:Uploads

[ 2017-04-13T22:06:56+08:00 ] 127.0.0.1 /lxbus/Uploads/buspics/1487491249.jpg
INFO: [ app_init ] --START--
INFO: Run Behavior\BuildLiteBehavior [ RunTime:0.000045s ]
INFO: [ app_init ] --END-- [ RunTime:0.000600s ]
ERR: 无法加载模块:Uploads

[ 2017-04-13T22:06:56+08:00 ] 127.0.0.1 /lxbus/Uploads/buspics/1487489161.jpg
INFO: [ app_init ] --START--
INFO: Run Behavior\BuildLiteBehavior [ RunTime:0.000034s ]
INFO: [ app_init ] --END-- [ RunTime:0.000506s ]
ERR: 无法加载模块:Uploads

[ 2017-04-13T22:06:56+08:00 ] 127.0.0.1 /lxbus/Uploads/buspics/1487489126.jpg
INFO: [ app_init ] --START--
INFO: Run Behavior\BuildLiteBehavior [ RunTime:0.000031s ]
INFO: [ app_init ] --END-- [ RunTime:0.000522s ]
ERR: 无法加载模块:Uploads

[ 2017-04-13T22:06:56+08:00 ] 127.0.0.1 /lxbus/Uploads/buspics/1487424293.jpg
INFO: [ app_init ] --START--
INFO: Run Behavior\BuildLiteBehavior [ RunTime:0.000041s ]
INFO: [ app_init ] --END-- [ RunTime:0.000572s ]
ERR: 无法加载模块:Uploads

[ 2017-04-13T22:46:12+08:00 ] 127.0.0.1 /lxbus/Uploads/buspics/1491730202.jpg
INFO: [ app_init ] --START--
INFO: Run Behavior\BuildLiteBehavior [ RunTime:0.000041s ]
INFO: [ app_init ] --END-- [ RunTime:0.000570s ]
ERR: 无法加载模块:Uploads

[ 2017-04-13T22:46:12+08:00 ] 127.0.0.1 /lxbus/Uploads/buspics/1491730187.jpg
INFO: [ app_init ] --START--
INFO: Run Behavior\BuildLiteBehavior [ RunTime:0.000040s ]
INFO: [ app_init ] --END-- [ RunTime:0.000549s ]
ERR: 无法加载模块:Uploads

[ 2017-04-13T22:46:12+08:00 ] 127.0.0.1 /lxbus/Uploads/buspics/1491730168.jpg
INFO: [ app_init ] --START--
INFO: Run Behavior\BuildLiteBehavior [ RunTime:0.000040s ]
INFO: [ app_init ] --END-- [ RunTime:0.000626s ]
ERR: 无法加载模块:Uploads

[ 2017-04-13T22:46:12+08:00 ] 127.0.0.1 /lxbus/Uploads/buspics/1488946121.jpg
INFO: [ app_init ] --START--
INFO: Run Behavior\BuildLiteBehavior [ RunTime:0.000039s ]
INFO: [ app_init ] --END-- [ RunTime:0.000581s ]
ERR: 无法加载模块:Uploads

[ 2017-04-13T22:46:12+08:00 ] 127.0.0.1 /lxbus/Uploads/buspics/1491536303.jpg
INFO: [ app_init ] --START--
INFO: Run Behavior\BuildLiteBehavior [ RunTime:0.000052s ]
INFO: [ app_init ] --END-- [ RunTime:0.000725s ]
ERR: 无法加载模块:Uploads

[ 2017-04-13T22:46:12+08:00 ] 127.0.0.1 /lxbus/Uploads/buspics/1490930169.jpg
INFO: [ app_init ] --START--
INFO: Run Behavior\BuildLiteBehavior [ RunTime:0.000044s ]
INFO: [ app_init ] --END-- [ RunTime:0.000689s ]
ERR: 无法加载模块:Uploads

[ 2017-04-13T22:46:12+08:00 ] 127.0.0.1 /lxbus/Uploads/buspics/1490840425.jpg
INFO: [ app_init ] --START--
INFO: Run Behavior\BuildLiteBehavior [ RunTime:0.000055s ]
INFO: [ app_init ] --END-- [ RunTime:0.000857s ]
ERR: 无法加载模块:Uploads

[ 2017-04-13T22:46:13+08:00 ] 127.0.0.1 /lxbus/Uploads/buspics/1487558765.jpg
INFO: [ app_init ] --START--
INFO: Run Behavior\BuildLiteBehavior [ RunTime:0.000042s ]
INFO: [ app_init ] --END-- [ RunTime:0.000633s ]
ERR: 无法加载模块:Uploads

[ 2017-04-13T22:46:13+08:00 ] 127.0.0.1 /lxbus/Uploads/buspics/1487494838.jpg
INFO: [ app_init ] --START--
INFO: Run Behavior\BuildLiteBehavior [ RunTime:0.000024s ]
INFO: [ app_init ] --END-- [ RunTime:0.000359s ]
ERR: 无法加载模块:Uploads

[ 2017-04-13T22:46:13+08:00 ] 127.0.0.1 /lxbus/Uploads/buspics/1487493219.jpg
INFO: [ app_init ] --START--
INFO: Run Behavior\BuildLiteBehavior [ RunTime:0.000040s ]
INFO: [ app_init ] --END-- [ RunTime:0.000534s ]
ERR: 无法加载模块:Uploads

[ 2017-04-13T22:46:13+08:00 ] 127.0.0.1 /lxbus/Uploads/buspics/1487493272.jpg
INFO: [ app_init ] --START--
INFO: Run Behavior\BuildLiteBehavior [ RunTime:0.000027s ]
INFO: [ app_init ] --END-- [ RunTime:0.000370s ]
ERR: 无法加载模块:Uploads

[ 2017-04-13T22:46:13+08:00 ] 127.0.0.1 /lxbus/Uploads/buspics/1487492854.jpg
INFO: [ app_init ] --START--
INFO: Run Behavior\BuildLiteBehavior [ RunTime:0.000043s ]
INFO: [ app_init ] --END-- [ RunTime:0.000646s ]
ERR: 无法加载模块:Uploads

[ 2017-04-13T22:46:13+08:00 ] 127.0.0.1 /lxbus/Uploads/buspics/1487493146.jpg
INFO: [ app_init ] --START--
INFO: Run Behavior\BuildLiteBehavior [ RunTime:0.000042s ]
INFO: [ app_init ] --END-- [ RunTime:0.000359s ]
ERR: 无法加载模块:Uploads

[ 2017-04-13T22:46:13+08:00 ] 127.0.0.1 /lxbus/Uploads/buspics/1487492811.jpg
INFO: [ app_init ] --START--
INFO: Run Behavior\BuildLiteBehavior [ RunTime:0.000039s ]
INFO: [ app_init ] --END-- [ RunTime:0.000721s ]
ERR: 无法加载模块:Uploads

[ 2017-04-13T22:46:13+08:00 ] 127.0.0.1 /lxbus/Uploads/buspics/1487492326.jpg
INFO: [ app_init ] --START--
INFO: Run Behavior\BuildLiteBehavior [ RunTime:0.000038s ]
INFO: [ app_init ] --END-- [ RunTime:0.000599s ]
ERR: 无法加载模块:Uploads

[ 2017-04-13T22:46:13+08:00 ] 127.0.0.1 /lxbus/Uploads/buspics/1487491249.jpg
INFO: [ app_init ] --START--
INFO: Run Behavior\BuildLiteBehavior [ RunTime:0.000022s ]
INFO: [ app_init ] --END-- [ RunTime:0.000350s ]
ERR: 无法加载模块:Uploads

[ 2017-04-13T22:46:13+08:00 ] 127.0.0.1 /lxbus/Uploads/buspics/1487489161.jpg
INFO: [ app_init ] --START--
INFO: Run Behavior\BuildLiteBehavior [ RunTime:0.000026s ]
INFO: [ app_init ] --END-- [ RunTime:0.000378s ]
ERR: 无法加载模块:Uploads

[ 2017-04-13T22:46:13+08:00 ] 127.0.0.1 /lxbus/Uploads/buspics/1487489126.jpg
INFO: [ app_init ] --START--
INFO: Run Behavior\BuildLiteBehavior [ RunTime:0.000031s ]
INFO: [ app_init ] --END-- [ RunTime:0.000544s ]
ERR: 无法加载模块:Uploads

[ 2017-04-13T22:46:13+08:00 ] 127.0.0.1 /lxbus/Uploads/buspics/1487174294.jpg
INFO: [ app_init ] --START--
INFO: Run Behavior\BuildLiteBehavior [ RunTime:0.000070s ]
INFO: [ app_init ] --END-- [ RunTime:0.000894s ]
ERR: 无法加载模块:Uploads

[ 2017-04-13T22:48:38+08:00 ] 127.0.0.1 /lxbus/Uploads/buspics/1491730202.jpg
INFO: [ app_init ] --START--
INFO: Run Behavior\BuildLiteBehavior [ RunTime:0.000046s ]
INFO: [ app_init ] --END-- [ RunTime:0.000835s ]
ERR: 无法加载模块:Uploads

[ 2017-04-13T22:48:38+08:00 ] 127.0.0.1 /lxbus/Uploads/buspics/1491730187.jpg
INFO: [ app_init ] --START--
INFO: Run Behavior\BuildLiteBehavior [ RunTime:0.000042s ]
INFO: [ app_init ] --END-- [ RunTime:0.000651s ]
ERR: 无法加载模块:Uploads

[ 2017-04-13T22:48:38+08:00 ] 127.0.0.1 /lxbus/Uploads/buspics/1491536303.jpg
INFO: [ app_init ] --START--
INFO: Run Behavior\BuildLiteBehavior [ RunTime:0.000043s ]
INFO: [ app_init ] --END-- [ RunTime:0.000677s ]
ERR: 无法加载模块:Uploads

[ 2017-04-13T22:48:38+08:00 ] 127.0.0.1 /lxbus/Uploads/buspics/1490930169.jpg
INFO: [ app_init ] --START--
INFO: Run Behavior\BuildLiteBehavior [ RunTime:0.000035s ]
INFO: [ app_init ] --END-- [ RunTime:0.000631s ]
ERR: 无法加载模块:Uploads

[ 2017-04-13T22:48:38+08:00 ] 127.0.0.1 /lxbus/Uploads/buspics/1491730168.jpg
INFO: [ app_init ] --START--
INFO: Run Behavior\BuildLiteBehavior [ RunTime:0.000047s ]
INFO: [ app_init ] --END-- [ RunTime:0.000719s ]
ERR: 无法加载模块:Uploads

[ 2017-04-13T22:48:38+08:00 ] 127.0.0.1 /lxbus/Uploads/buspics/1488946121.jpg
INFO: [ app_init ] --START--
INFO: Run Behavior\BuildLiteBehavior [ RunTime:0.000043s ]
INFO: [ app_init ] --END-- [ RunTime:0.000510s ]
ERR: 无法加载模块:Uploads

[ 2017-04-13T22:48:38+08:00 ] 127.0.0.1 /lxbus/Uploads/buspics/1490840425.jpg
INFO: [ app_init ] --START--
INFO: Run Behavior\BuildLiteBehavior [ RunTime:0.000044s ]
INFO: [ app_init ] --END-- [ RunTime:0.000639s ]
ERR: 无法加载模块:Uploads

[ 2017-04-13T22:48:38+08:00 ] 127.0.0.1 /lxbus/Uploads/buspics/1487558765.jpg
INFO: [ app_init ] --START--
INFO: Run Behavior\BuildLiteBehavior [ RunTime:0.000035s ]
INFO: [ app_init ] --END-- [ RunTime:0.000513s ]
ERR: 无法加载模块:Uploads

[ 2017-04-13T22:48:38+08:00 ] 127.0.0.1 /lxbus/Uploads/buspics/1487494838.jpg
INFO: [ app_init ] --START--
INFO: Run Behavior\BuildLiteBehavior [ RunTime:0.000049s ]
INFO: [ app_init ] --END-- [ RunTime:0.000597s ]
ERR: 无法加载模块:Uploads

[ 2017-04-13T22:48:38+08:00 ] 127.0.0.1 /lxbus/Uploads/buspics/1487493272.jpg
INFO: [ app_init ] --START--
INFO: Run Behavior\BuildLiteBehavior [ RunTime:0.000037s ]
INFO: [ app_init ] --END-- [ RunTime:0.000524s ]
ERR: 无法加载模块:Uploads

[ 2017-04-13T22:48:38+08:00 ] 127.0.0.1 /lxbus/Uploads/buspics/1487493219.jpg
INFO: [ app_init ] --START--
INFO: Run Behavior\BuildLiteBehavior [ RunTime:0.000038s ]
INFO: [ app_init ] --END-- [ RunTime:0.000528s ]
ERR: 无法加载模块:Uploads

[ 2017-04-13T22:48:38+08:00 ] 127.0.0.1 /lxbus/Uploads/buspics/1487492854.jpg
INFO: [ app_init ] --START--
INFO: Run Behavior\BuildLiteBehavior [ RunTime:0.000037s ]
INFO: [ app_init ] --END-- [ RunTime:0.000606s ]
ERR: 无法加载模块:Uploads

[ 2017-04-13T22:48:38+08:00 ] 127.0.0.1 /lxbus/Uploads/buspics/1487493146.jpg
INFO: [ app_init ] --START--
INFO: Run Behavior\BuildLiteBehavior [ RunTime:0.000040s ]
INFO: [ app_init ] --END-- [ RunTime:0.000690s ]
ERR: 无法加载模块:Uploads

[ 2017-04-13T22:48:38+08:00 ] 127.0.0.1 /lxbus/Uploads/buspics/1487492811.jpg
INFO: [ app_init ] --START--
INFO: Run Behavior\BuildLiteBehavior [ RunTime:0.000046s ]
INFO: [ app_init ] --END-- [ RunTime:0.001170s ]
ERR: 无法加载模块:Uploads

[ 2017-04-13T22:48:38+08:00 ] 127.0.0.1 /lxbus/Uploads/buspics/1487492326.jpg
INFO: [ app_init ] --START--
INFO: Run Behavior\BuildLiteBehavior [ RunTime:0.000042s ]
INFO: [ app_init ] --END-- [ RunTime:0.000559s ]
ERR: 无法加载模块:Uploads

[ 2017-04-13T22:48:38+08:00 ] 127.0.0.1 /lxbus/Uploads/buspics/1487491249.jpg
INFO: [ app_init ] --START--
INFO: Run Behavior\BuildLiteBehavior [ RunTime:0.000039s ]
INFO: [ app_init ] --END-- [ RunTime:0.000553s ]
ERR: 无法加载模块:Uploads

[ 2017-04-13T22:48:38+08:00 ] 127.0.0.1 /lxbus/Uploads/buspics/1487489161.jpg
INFO: [ app_init ] --START--
INFO: Run Behavior\BuildLiteBehavior [ RunTime:0.000029s ]
INFO: [ app_init ] --END-- [ RunTime:0.000519s ]
ERR: 无法加载模块:Uploads

[ 2017-04-13T22:48:38+08:00 ] 127.0.0.1 /lxbus/Uploads/buspics/1487489126.jpg
INFO: [ app_init ] --START--
INFO: Run Behavior\BuildLiteBehavior [ RunTime:0.000030s ]
INFO: [ app_init ] --END-- [ RunTime:0.000445s ]
ERR: 无法加载模块:Uploads

[ 2017-04-13T22:48:38+08:00 ] 127.0.0.1 /lxbus/Uploads/buspics/1487174294.jpg
INFO: [ app_init ] --START--
INFO: Run Behavior\BuildLiteBehavior [ RunTime:0.000049s ]
INFO: [ app_init ] --END-- [ RunTime:0.000526s ]
ERR: 无法加载模块:Uploads

[ 2017-04-13T22:55:07+08:00 ] 127.0.0.1 /lxbus/Application/Admin/View//Public//static/fonts/ionicons.ttf?v=2.0.1
INFO: [ app_init ] --START--
INFO: Run Behavior\BuildLiteBehavior [ RunTime:0.000022s ]
INFO: [ app_init ] --END-- [ RunTime:0.000353s ]
ERR: 无法加载模块:Application

[ 2017-04-13T22:55:07+08:00 ] 127.0.0.1 /lxbus/Application/Admin/View//Public//static/fonts/ionicons.woff?v=2.0.1
INFO: [ app_init ] --START--
INFO: Run Behavior\BuildLiteBehavior [ RunTime:0.000039s ]
INFO: [ app_init ] --END-- [ RunTime:0.000611s ]
ERR: 无法加载模块:Application

[ 2017-04-13T23:03:31+08:00 ] 127.0.0.1 /lxbus/Uploads/buspics/1491730202.jpg
INFO: [ app_init ] --START--
INFO: Run Behavior\BuildLiteBehavior [ RunTime:0.000037s ]
INFO: [ app_init ] --END-- [ RunTime:0.000578s ]
ERR: 无法加载模块:Uploads

[ 2017-04-13T23:03:31+08:00 ] 127.0.0.1 /lxbus/Uploads/buspics/1491730187.jpg
INFO: [ app_init ] --START--
INFO: Run Behavior\BuildLiteBehavior [ RunTime:0.000049s ]
INFO: [ app_init ] --END-- [ RunTime:0.000586s ]
ERR: 无法加载模块:Uploads

[ 2017-04-13T23:03:31+08:00 ] 127.0.0.1 /lxbus/Uploads/buspics/1491730168.jpg
INFO: [ app_init ] --START--
INFO: Run Behavior\BuildLiteBehavior [ RunTime:0.000034s ]
INFO: [ app_init ] --END-- [ RunTime:0.000582s ]
ERR: 无法加载模块:Uploads

[ 2017-04-13T23:03:31+08:00 ] 127.0.0.1 /lxbus/Uploads/buspics/1490840425.jpg
INFO: [ app_init ] --START--
INFO: Run Behavior\BuildLiteBehavior [ RunTime:0.000023s ]
INFO: [ app_init ] --END-- [ RunTime:0.000462s ]
ERR: 无法加载模块:Uploads

[ 2017-04-13T23:03:31+08:00 ] 127.0.0.1 /lxbus/Uploads/buspics/1490930169.jpg
INFO: [ app_init ] --START--
INFO: Run Behavior\BuildLiteBehavior [ RunTime:0.000026s ]
INFO: [ app_init ] --END-- [ RunTime:0.000579s ]
ERR: 无法加载模块:Uploads

[ 2017-04-13T23:03:31+08:00 ] 127.0.0.1 /lxbus/Uploads/buspics/1491536303.jpg
INFO: [ app_init ] --START--
INFO: Run Behavior\BuildLiteBehavior [ RunTime:0.000036s ]
INFO: [ app_init ] --END-- [ RunTime:0.000636s ]
ERR: 无法加载模块:Uploads

[ 2017-04-13T23:03:31+08:00 ] 127.0.0.1 /lxbus/Uploads/buspics/1488946121.jpg
INFO: [ app_init ] --START--
INFO: Run Behavior\BuildLiteBehavior [ RunTime:0.000043s ]
INFO: [ app_init ] --END-- [ RunTime:0.000521s ]
ERR: 无法加载模块:Uploads

[ 2017-04-13T23:03:31+08:00 ] 127.0.0.1 /lxbus/Uploads/buspics/1487558765.jpg
INFO: [ app_init ] --START--
INFO: Run Behavior\BuildLiteBehavior [ RunTime:0.000038s ]
INFO: [ app_init ] --END-- [ RunTime:0.001013s ]
ERR: 无法加载模块:Uploads

[ 2017-04-13T23:03:31+08:00 ] 127.0.0.1 /lxbus/Uploads/buspics/1487494838.jpg
INFO: [ app_init ] --START--
INFO: Run Behavior\BuildLiteBehavior [ RunTime:0.000045s ]
INFO: [ app_init ] --END-- [ RunTime:0.000707s ]
ERR: 无法加载模块:Uploads

[ 2017-04-13T23:03:31+08:00 ] 127.0.0.1 /lxbus/Uploads/buspics/1487493272.jpg
INFO: [ app_init ] --START--
INFO: Run Behavior\BuildLiteBehavior [ RunTime:0.000041s ]
INFO: [ app_init ] --END-- [ RunTime:0.000545s ]
ERR: 无法加载模块:Uploads

[ 2017-04-13T23:03:31+08:00 ] 127.0.0.1 /lxbus/Uploads/buspics/1487493146.jpg
INFO: [ app_init ] --START--
INFO: Run Behavior\BuildLiteBehavior [ RunTime:0.000038s ]
INFO: [ app_init ] --END-- [ RunTime:0.000613s ]
ERR: 无法加载模块:Uploads

[ 2017-04-13T23:03:31+08:00 ] 127.0.0.1 /lxbus/Uploads/buspics/1487493219.jpg
INFO: [ app_init ] --START--
INFO: Run Behavior\BuildLiteBehavior [ RunTime:0.000040s ]
INFO: [ app_init ] --END-- [ RunTime:0.000620s ]
ERR: 无法加载模块:Uploads

[ 2017-04-13T23:03:31+08:00 ] 127.0.0.1 /lxbus/Uploads/buspics/1487492854.jpg
INFO: [ app_init ] --START--
INFO: Run Behavior\BuildLiteBehavior [ RunTime:0.000047s ]
INFO: [ app_init ] --END-- [ RunTime:0.000538s ]
ERR: 无法加载模块:Uploads

[ 2017-04-13T23:03:31+08:00 ] 127.0.0.1 /lxbus/Uploads/buspics/1487492811.jpg
INFO: [ app_init ] --START--
INFO: Run Behavior\BuildLiteBehavior [ RunTime:0.000037s ]
INFO: [ app_init ] --END-- [ RunTime:0.000539s ]
ERR: 无法加载模块:Uploads

[ 2017-04-13T23:03:31+08:00 ] 127.0.0.1 /lxbus/Uploads/buspics/1487492326.jpg
INFO: [ app_init ] --START--
INFO: Run Behavior\BuildLiteBehavior [ RunTime:0.000035s ]
INFO: [ app_init ] --END-- [ RunTime:0.000517s ]
ERR: 无法加载模块:Uploads

[ 2017-04-13T23:03:31+08:00 ] 127.0.0.1 /lxbus/Uploads/buspics/1487491249.jpg
INFO: [ app_init ] --START--
INFO: Run Behavior\BuildLiteBehavior [ RunTime:0.000041s ]
INFO: [ app_init ] --END-- [ RunTime:0.000601s ]
ERR: 无法加载模块:Uploads

[ 2017-04-13T23:03:31+08:00 ] 127.0.0.1 /lxbus/Uploads/buspics/1487489161.jpg
INFO: [ app_init ] --START--
INFO: Run Behavior\BuildLiteBehavior [ RunTime:0.000047s ]
INFO: [ app_init ] --END-- [ RunTime:0.000629s ]
ERR: 无法加载模块:Uploads

[ 2017-04-13T23:03:31+08:00 ] 127.0.0.1 /lxbus/Uploads/buspics/1487489126.jpg
INFO: [ app_init ] --START--
INFO: Run Behavior\BuildLiteBehavior [ RunTime:0.000051s ]
INFO: [ app_init ] --END-- [ RunTime:0.000642s ]
ERR: 无法加载模块:Uploads

[ 2017-04-13T23:03:31+08:00 ] 127.0.0.1 /lxbus/Uploads/buspics/1487174294.jpg
INFO: [ app_init ] --START--
INFO: Run Behavior\BuildLiteBehavior [ RunTime:0.000068s ]
INFO: [ app_init ] --END-- [ RunTime:0.000812s ]
ERR: 无法加载模块:Uploads

