[ 2017-04-12T20:12:28+08:00 ] 127.0.0.1 /lxbus/index,php
INFO: [ app_init ] --START--
INFO: Run Behavior\BuildLiteBehavior [ RunTime:0.000071s ]
INFO: [ app_init ] --END-- [ RunTime:0.001603s ]
ERR: 无法加载模块:Index,php

[ 2017-04-12T20:14:14+08:00 ] 127.0.0.1 /lxbus/index.php/Admin/Login/signin.html
INFO: [ app_init ] --START--
INFO: Run Behavior\BuildLiteBehavior [ RunTime:0.000047s ]
INFO: [ app_init ] --END-- [ RunTime:0.000900s ]
ERR: 无法加载模块:Admin

[ 2017-04-12T20:54:37+08:00 ] 127.0.0.1 /lxbus/Application/Admin/View//Public//static/fonts/ionicons.ttf?v=2.0.1
INFO: [ app_init ] --START--
INFO: Run Behavior\BuildLiteBehavior [ RunTime:0.000085s ]
INFO: [ app_init ] --END-- [ RunTime:0.001733s ]
ERR: 无法加载模块:Application

[ 2017-04-12T20:54:37+08:00 ] 127.0.0.1 /lxbus/Application/Admin/View//Public//static/fonts/ionicons.woff?v=2.0.1
INFO: [ app_init ] --START--
INFO: Run Behavior\BuildLiteBehavior [ RunTime:0.000022s ]
INFO: [ app_init ] --END-- [ RunTime:0.000385s ]
ERR: 无法加载模块:Application

[ 2017-04-12T21:03:29+08:00 ] 127.0.0.1 /lxbus/Application/Admin/View//Public//static/fonts/ionicons.ttf?v=2.0.1
INFO: [ app_init ] --START--
INFO: Run Behavior\BuildLiteBehavior [ RunTime:0.000038s ]
INFO: [ app_init ] --END-- [ RunTime:0.000960s ]
ERR: 无法加载模块:Application

[ 2017-04-12T21:03:29+08:00 ] 127.0.0.1 /lxbus/Application/Admin/View//Public//static/fonts/ionicons.woff?v=2.0.1
INFO: [ app_init ] --START--
INFO: Run Behavior\BuildLiteBehavior [ RunTime:0.000062s ]
INFO: [ app_init ] --END-- [ RunTime:0.001379s ]
ERR: 无法加载模块:Application

[ 2017-04-12T21:03:30+08:00 ] 127.0.0.1 /lxbus/Application/Admin/View//Public//static/fonts/ionicons.ttf?v=2.0.1
INFO: [ app_init ] --START--
INFO: Run Behavior\BuildLiteBehavior [ RunTime:0.000097s ]
INFO: [ app_init ] --END-- [ RunTime:0.000695s ]
ERR: 无法加载模块:Application

[ 2017-04-12T21:03:30+08:00 ] 127.0.0.1 /lxbus/Application/Admin/View//Public//static/fonts/ionicons.woff?v=2.0.1
INFO: [ app_init ] --START--
INFO: Run Behavior\BuildLiteBehavior [ RunTime:0.000094s ]
INFO: [ app_init ] --END-- [ RunTime:0.000894s ]
ERR: 无法加载模块:Application

[ 2017-04-12T22:20:10+08:00 ] 127.0.0.1 /lxbus/Application/Admin/View//Public//static/fonts/ionicons.ttf?v=2.0.1
INFO: [ app_init ] --START--
INFO: Run Behavior\BuildLiteBehavior [ RunTime:0.000033s ]
INFO: [ app_init ] --END-- [ RunTime:0.000651s ]
ERR: 无法加载模块:Application

[ 2017-04-12T22:20:10+08:00 ] 127.0.0.1 /lxbus/Application/Admin/View//Public//static/fonts/ionicons.woff?v=2.0.1
INFO: [ app_init ] --START--
INFO: Run Behavior\BuildLiteBehavior [ RunTime:0.000067s ]
INFO: [ app_init ] --END-- [ RunTime:0.001410s ]
ERR: 无法加载模块:Application

[ 2017-04-12T22:21:38+08:00 ] 127.0.0.1 /lxbus/Application/Admin/View//Public//static/fonts/ionicons.ttf?v=2.0.1
INFO: [ app_init ] --START--
INFO: Run Behavior\BuildLiteBehavior [ RunTime:0.000045s ]
INFO: [ app_init ] --END-- [ RunTime:0.001022s ]
ERR: 无法加载模块:Application

[ 2017-04-12T22:21:38+08:00 ] 127.0.0.1 /lxbus/Application/Admin/View//Public//static/fonts/ionicons.woff?v=2.0.1
INFO: [ app_init ] --START--
INFO: Run Behavior\BuildLiteBehavior [ RunTime:0.000023s ]
INFO: [ app_init ] --END-- [ RunTime:0.000539s ]
ERR: 无法加载模块:Application

[ 2017-04-12T22:23:20+08:00 ] 127.0.0.1 /lxbus/Application/Admin/View//Public//static/fonts/ionicons.ttf?v=2.0.1
INFO: [ app_init ] --START--
INFO: Run Behavior\BuildLiteBehavior [ RunTime:0.000049s ]
INFO: [ app_init ] --END-- [ RunTime:0.000857s ]
ERR: 无法加载模块:Application

[ 2017-04-12T22:23:20+08:00 ] 127.0.0.1 /lxbus/Application/Admin/View//Public//static/fonts/ionicons.woff?v=2.0.1
INFO: [ app_init ] --START--
INFO: Run Behavior\BuildLiteBehavior [ RunTime:0.000065s ]
INFO: [ app_init ] --END-- [ RunTime:0.001141s ]
ERR: 无法加载模块:Application

[ 2017-04-12T22:23:36+08:00 ] 127.0.0.1 /lxbus/Application/Admin/View//Public//static/fonts/ionicons.ttf?v=2.0.1
INFO: [ app_init ] --START--
INFO: Run Behavior\BuildLiteBehavior [ RunTime:0.000044s ]
INFO: [ app_init ] --END-- [ RunTime:0.000728s ]
ERR: 无法加载模块:Application

[ 2017-04-12T22:23:36+08:00 ] 127.0.0.1 /lxbus/Application/Admin/View//Public//static/fonts/ionicons.woff?v=2.0.1
INFO: [ app_init ] --START--
INFO: Run Behavior\BuildLiteBehavior [ RunTime:0.000055s ]
INFO: [ app_init ] --END-- [ RunTime:0.000898s ]
ERR: 无法加载模块:Application

[ 2017-04-12T22:24:09+08:00 ] 127.0.0.1 /lxbus/Application/Admin/View//Public//static/fonts/ionicons.ttf?v=2.0.1
INFO: [ app_init ] --START--
INFO: Run Behavior\BuildLiteBehavior [ RunTime:0.000026s ]
INFO: [ app_init ] --END-- [ RunTime:0.000669s ]
ERR: 无法加载模块:Application

[ 2017-04-12T22:24:09+08:00 ] 127.0.0.1 /lxbus/Application/Admin/View//Public//static/fonts/ionicons.woff?v=2.0.1
INFO: [ app_init ] --START--
INFO: Run Behavior\BuildLiteBehavior [ RunTime:0.000043s ]
INFO: [ app_init ] --END-- [ RunTime:0.000855s ]
ERR: 无法加载模块:Application

[ 2017-04-12T22:25:31+08:00 ] 127.0.0.1 /lxbus/Application/Admin/View//Public//static/fonts/ionicons.ttf?v=2.0.1
INFO: [ app_init ] --START--
INFO: Run Behavior\BuildLiteBehavior [ RunTime:0.000043s ]
INFO: [ app_init ] --END-- [ RunTime:0.000508s ]
ERR: 无法加载模块:Application

[ 2017-04-12T22:25:32+08:00 ] 127.0.0.1 /lxbus/Application/Admin/View//Public//static/fonts/ionicons.woff?v=2.0.1
INFO: [ app_init ] --START--
INFO: Run Behavior\BuildLiteBehavior [ RunTime:0.000046s ]
INFO: [ app_init ] --END-- [ RunTime:0.000950s ]
ERR: 无法加载模块:Application

[ 2017-04-12T22:26:24+08:00 ] 127.0.0.1 /lxbus/Application/Admin/View//Public//static/fonts/ionicons.ttf?v=2.0.1
INFO: [ app_init ] --START--
INFO: Run Behavior\BuildLiteBehavior [ RunTime:0.000038s ]
INFO: [ app_init ] --END-- [ RunTime:0.000547s ]
ERR: 无法加载模块:Application

[ 2017-04-12T22:26:24+08:00 ] 127.0.0.1 /lxbus/Application/Admin/View//Public//static/fonts/ionicons.woff?v=2.0.1
INFO: [ app_init ] --START--
INFO: Run Behavior\BuildLiteBehavior [ RunTime:0.000039s ]
INFO: [ app_init ] --END-- [ RunTime:0.001382s ]
ERR: 无法加载模块:Application

